This is pdfTeX, Version 3.1415926-2.5-1.40.14 (MiKTeX 2.9 64-bit) (preloaded format=pdflatex 2015.5.10)  1 JUN 2015 12:24
entering extended mode
**C:/Users/Laurent/Dropbox/School/Master/Web*Engineering/Assignments/Assignment
*3/WebEngineering.tex

("C:/Users/Laurent/Dropbox/School/Master/Web Engineering/Assignments/Assignment
 3/WebEngineering.tex"
LaTeX2e <2011/06/27>
Babel <v3.8m> and hyphenation patterns for english, afrikaans, ancientgreek, ar
abic, armenian, assamese, basque, bengali, bokmal, bulgarian, catalan, coptic, 
croatian, czech, danish, dutch, esperanto, estonian, farsi, finnish, french, ga
lician, german, german-x-2013-05-26, greek, gujarati, hindi, hungarian, iceland
ic, indonesian, interlingua, irish, italian, kannada, kurmanji, latin, latvian,
 lithuanian, malayalam, marathi, mongolian, mongolianlmc, monogreek, ngerman, n
german-x-2013-05-26, nynorsk, oriya, panjabi, pinyin, polish, portuguese, roman
ian, russian, sanskrit, serbian, slovak, slovenian, spanish, swedish, swissgerm
an, tamil, telugu, turkish, turkmen, ukenglish, ukrainian, uppersorbian, usengl
ishmax, welsh, loaded.
("C:\Program Files\MiKTeX 2.9\tex\latex\base\book.cls"
Document Class: book 2007/10/19 v1.4h Standard LaTeX document class
("C:\Program Files\MiKTeX 2.9\tex\latex\base\bk11.clo"
File: bk11.clo 2007/10/19 v1.4h Standard LaTeX file (size option)
)
\c@part=\count79
\c@chapter=\count80
\c@section=\count81
\c@subsection=\count82
\c@subsubsection=\count83
\c@paragraph=\count84
\c@subparagraph=\count85
\c@figure=\count86
\c@table=\count87
\abovecaptionskip=\skip41
\belowcaptionskip=\skip42
\bibindent=\dimen102
)
(C:\Users\Laurent\AppData\Roaming\MiKTeX\2.9\tex\latex\a4wide\a4wide.sty
Package: a4wide 1994/08/30

(C:\Users\Laurent\AppData\Roaming\MiKTeX\2.9\tex\latex\ntgclass\a4.sty
Package: a4 2004/04/15 v1.2g A4 based page layout
))
("C:\Program Files\MiKTeX 2.9\tex\generic\babel\babel.sty"
Package: babel 2008/07/08 v3.8m The Babel package

*************************************
* Local config file bblopts.cfg used
*
("C:\Program Files\MiKTeX 2.9\tex\latex\00miktex\bblopts.cfg"
File: bblopts.cfg 2006/07/31 v1.0 MiKTeX 'babel' configuration
)
("C:\Program Files\MiKTeX 2.9\tex\generic\babel\english.ldf"
Language: english 2005/03/30 v3.3o English support from the babel system

("C:\Program Files\MiKTeX 2.9\tex\generic\babel\babel.def"
File: babel.def 2008/07/08 v3.8m Babel common definitions
\babel@savecnt=\count88
\U@D=\dimen103
)
\l@canadian = a dialect from \language\l@american 
\l@australian = a dialect from \language\l@british 
\l@newzealand = a dialect from \language\l@british 
))
("C:\Program Files\MiKTeX 2.9\tex\latex\graphics\graphicx.sty"
Package: graphicx 1999/02/16 v1.0f Enhanced LaTeX Graphics (DPC,SPQR)

("C:\Program Files\MiKTeX 2.9\tex\latex\graphics\keyval.sty"
Package: keyval 1999/03/16 v1.13 key=value parser (DPC)
\KV@toks@=\toks14
)
("C:\Program Files\MiKTeX 2.9\tex\latex\graphics\graphics.sty"
Package: graphics 2009/02/05 v1.0o Standard LaTeX Graphics (DPC,SPQR)

("C:\Program Files\MiKTeX 2.9\tex\latex\graphics\trig.sty"
Package: trig 1999/03/16 v1.09 sin cos tan (DPC)
)
("C:\Program Files\MiKTeX 2.9\tex\latex\00miktex\graphics.cfg"
File: graphics.cfg 2007/01/18 v1.5 graphics configuration of teTeX/TeXLive
)
Package graphics Info: Driver file: pdftex.def on input line 91.

("C:\Program Files\MiKTeX 2.9\tex\latex\pdftex-def\pdftex.def"
File: pdftex.def 2011/05/27 v0.06d Graphics/color for pdfTeX

("C:\Program Files\MiKTeX 2.9\tex\generic\oberdiek\infwarerr.sty"
Package: infwarerr 2010/04/08 v1.3 Providing info/warning/error messages (HO)
)
("C:\Program Files\MiKTeX 2.9\tex\generic\oberdiek\ltxcmds.sty"
Package: ltxcmds 2011/11/09 v1.22 LaTeX kernel commands for general use (HO)
)
\Gread@gobject=\count89
))
\Gin@req@height=\dimen104
\Gin@req@width=\dimen105
)
("C:\Program Files\MiKTeX 2.9\tex\latex\float\float.sty"
Package: float 2001/11/08 v1.3d Float enhancements (AL)
\c@float@type=\count90
\float@exts=\toks15
\float@box=\box26
\@float@everytoks=\toks16
\@floatcapt=\box27
)
(C:\Users\Laurent\AppData\Roaming\MiKTeX\2.9\tex\latex\appendix\appendix.sty
Package: appendix 2009/09/02 v1.2b extra appendix facilities
\c@@pps=\count91
\c@@ppsavesec=\count92
\c@@ppsaveapp=\count93
)
("C:\Program Files\MiKTeX 2.9\tex\latex\hyperref\hyperref.sty"
Package: hyperref 2012/11/06 v6.83m Hypertext links for LaTeX

("C:\Program Files\MiKTeX 2.9\tex\generic\oberdiek\hobsub-hyperref.sty"
Package: hobsub-hyperref 2012/04/25 v1.12 Bundle oberdiek, subset hyperref (HO)


("C:\Program Files\MiKTeX 2.9\tex\generic\oberdiek\hobsub-generic.sty"
Package: hobsub-generic 2012/04/25 v1.12 Bundle oberdiek, subset generic (HO)
Package: hobsub 2012/04/25 v1.12 Construct package bundles (HO)
Package hobsub Info: Skipping package `infwarerr' (already loaded).
Package hobsub Info: Skipping package `ltxcmds' (already loaded).
Package: ifluatex 2010/03/01 v1.3 Provides the ifluatex switch (HO)
Package ifluatex Info: LuaTeX not detected.
Package: ifvtex 2010/03/01 v1.5 Detect VTeX and its facilities (HO)
Package ifvtex Info: VTeX not detected.
Package: intcalc 2007/09/27 v1.1 Expandable calculations with integers (HO)
Package: ifpdf 2011/01/30 v2.3 Provides the ifpdf switch (HO)
Package ifpdf Info: pdfTeX in PDF mode is detected.
Package: etexcmds 2011/02/16 v1.5 Avoid name clashes with e-TeX commands (HO)
Package etexcmds Info: Could not find \expanded.
(etexcmds)             That can mean that you are not using pdfTeX 1.50 or
(etexcmds)             that some package has redefined \expanded.
(etexcmds)             In the latter case, load this package earlier.
Package: kvsetkeys 2012/04/25 v1.16 Key value parser (HO)
Package: kvdefinekeys 2011/04/07 v1.3 Define keys (HO)
Package: pdftexcmds 2011/11/29 v0.20 Utility functions of pdfTeX for LuaTeX (HO
)
Package pdftexcmds Info: LuaTeX not detected.
Package pdftexcmds Info: \pdf@primitive is available.
Package pdftexcmds Info: \pdf@ifprimitive is available.
Package pdftexcmds Info: \pdfdraftmode found.
Package: pdfescape 2011/11/25 v1.13 Implements pdfTeX's escape features (HO)
Package: bigintcalc 2012/04/08 v1.3 Expandable calculations on big integers (HO
)
Package: bitset 2011/01/30 v1.1 Handle bit-vector datatype (HO)
Package: uniquecounter 2011/01/30 v1.2 Provide unlimited unique counter (HO)
)
Package hobsub Info: Skipping package `hobsub' (already loaded).
Package: letltxmacro 2010/09/02 v1.4 Let assignment for LaTeX macros (HO)
Package: hopatch 2011/06/24 v1.1 Wrapper for package hooks (HO)
Package: xcolor-patch 2011/01/30 xcolor patch
Package: atveryend 2011/06/30 v1.8 Hooks at the very end of document (HO)
Package atveryend Info: \enddocument detected (standard20110627).
Package: atbegshi 2011/10/05 v1.16 At begin shipout hook (HO)
Package: refcount 2011/10/16 v3.4 Data extraction from label references (HO)
Package: hycolor 2011/01/30 v1.7 Color options for hyperref/bookmark (HO)
)
("C:\Program Files\MiKTeX 2.9\tex\generic\ifxetex\ifxetex.sty"
Package: ifxetex 2010/09/12 v0.6 Provides ifxetex conditional
)
("C:\Program Files\MiKTeX 2.9\tex\latex\oberdiek\auxhook.sty"
Package: auxhook 2011/03/04 v1.3 Hooks for auxiliary files (HO)
)
("C:\Program Files\MiKTeX 2.9\tex\latex\oberdiek\kvoptions.sty"
Package: kvoptions 2011/06/30 v3.11 Key value format for package options (HO)
)
\@linkdim=\dimen106
\Hy@linkcounter=\count94
\Hy@pagecounter=\count95

("C:\Program Files\MiKTeX 2.9\tex\latex\hyperref\pd1enc.def"
File: pd1enc.def 2012/11/06 v6.83m Hyperref: PDFDocEncoding definition (HO)
)
\Hy@SavedSpaceFactor=\count96

("C:\Program Files\MiKTeX 2.9\tex\latex\00miktex\hyperref.cfg"
File: hyperref.cfg 2002/06/06 v1.2 hyperref configuration of TeXLive
)
Package hyperref Info: Hyper figures OFF on input line 4443.
Package hyperref Info: Link nesting OFF on input line 4448.
Package hyperref Info: Hyper index ON on input line 4451.
Package hyperref Info: Plain pages OFF on input line 4458.
Package hyperref Info: Backreferencing OFF on input line 4463.
Package hyperref Info: Implicit mode ON; LaTeX internals redefined.
Package hyperref Info: Bookmarks ON on input line 4688.
\c@Hy@tempcnt=\count97

(C:\Users\Laurent\AppData\Roaming\MiKTeX\2.9\tex\latex\url\url.sty
\Urlmuskip=\muskip10
Package: url 2013/09/16  ver 3.4  Verb mode for urls, etc.
)
LaTeX Info: Redefining \url on input line 5041.
\XeTeXLinkMargin=\dimen107
\Fld@menulength=\count98
\Field@Width=\dimen108
\Fld@charsize=\dimen109
Package hyperref Info: Hyper figures OFF on input line 6295.
Package hyperref Info: Link nesting OFF on input line 6300.
Package hyperref Info: Hyper index ON on input line 6303.
Package hyperref Info: backreferencing OFF on input line 6310.
Package hyperref Info: Link coloring OFF on input line 6315.
Package hyperref Info: Link coloring with OCG OFF on input line 6320.
Package hyperref Info: PDF/A mode OFF on input line 6325.
LaTeX Info: Redefining \ref on input line 6365.
LaTeX Info: Redefining \pageref on input line 6369.
\Hy@abspage=\count99
\c@Item=\count100
\c@Hfootnote=\count101
)

Package hyperref Message: Driver (autodetected): hpdftex.

("C:\Program Files\MiKTeX 2.9\tex\latex\hyperref\hpdftex.def"
File: hpdftex.def 2012/11/06 v6.83m Hyperref driver for pdfTeX
\Fld@listcount=\count102
\c@bookmark@seq@number=\count103

("C:\Program Files\MiKTeX 2.9\tex\latex\oberdiek\rerunfilecheck.sty"
Package: rerunfilecheck 2011/04/15 v1.7 Rerun checks for auxiliary files (HO)
Package uniquecounter Info: New unique counter `rerunfilecheck' on input line 2
82.
)
\Hy@SectionHShift=\skip43
)
Package hyperref Info: Option `colorlinks' set `true' on input line 20.

(C:\Users\Laurent\AppData\Roaming\MiKTeX\2.9\tex\latex\preprint\fullpage.sty
Package: fullpage 1999/02/23 1.1 (PWD)
\FP@margin=\skip44
)
(C:\Users\Laurent\AppData\Roaming\MiKTeX\2.9\tex\latex\listings\listings.sty
\lst@mode=\count104
\lst@gtempboxa=\box28
\lst@token=\toks17
\lst@length=\count105
\lst@currlwidth=\dimen110
\lst@column=\count106
\lst@pos=\count107
\lst@lostspace=\dimen111
\lst@width=\dimen112
\lst@newlines=\count108
\lst@lineno=\count109
\lst@maxwidth=\dimen113

(C:\Users\Laurent\AppData\Roaming\MiKTeX\2.9\tex\latex\listings\lstmisc.sty
File: lstmisc.sty 2014/09/06 1.5e (Carsten Heinz)
\c@lstnumber=\count110
\lst@skipnumbers=\count111
\lst@framebox=\box29
)
(C:\Users\Laurent\AppData\Roaming\MiKTeX\2.9\tex\latex\listings\listings.cfg
File: listings.cfg 2014/09/06 1.5e listings configuration
))
Package: listings 2014/09/06 1.5e (Carsten Heinz)

(C:\Users\Laurent\AppData\Roaming\MiKTeX\2.9\tex\latex\xcolor\xcolor.sty
Package: xcolor 2007/01/21 v2.11 LaTeX color extensions (UK)

("C:\Program Files\MiKTeX 2.9\tex\latex\00miktex\color.cfg"
File: color.cfg 2007/01/18 v1.5 color configuration of teTeX/TeXLive
)
Package xcolor Info: Driver file: pdftex.def on input line 225.
Package xcolor Info: Model `cmy' substituted by `cmy0' on input line 1337.
Package xcolor Info: Model `hsb' substituted by `rgb' on input line 1341.
Package xcolor Info: Model `RGB' extended on input line 1353.
Package xcolor Info: Model `HTML' substituted by `rgb' on input line 1355.
Package xcolor Info: Model `Hsb' substituted by `hsb' on input line 1356.
Package xcolor Info: Model `tHsb' substituted by `hsb' on input line 1357.
Package xcolor Info: Model `HSB' substituted by `hsb' on input line 1358.
Package xcolor Info: Model `Gray' substituted by `gray' on input line 1359.
Package xcolor Info: Model `wave' substituted by `hsb' on input line 1360.
)
("C:\Program Files\MiKTeX 2.9\tex\latex\base\textcomp.sty"
Package: textcomp 2005/09/27 v1.99g Standard LaTeX package
Package textcomp Info: Sub-encoding information:
(textcomp)               5 = only ISO-Adobe without \textcurrency
(textcomp)               4 = 5 + \texteuro
(textcomp)               3 = 4 + \textohm
(textcomp)               2 = 3 + \textestimated + \textcurrency
(textcomp)               1 = TS1 - \textcircled - \t
(textcomp)               0 = TS1 (full)
(textcomp)             Font families with sub-encoding setting implement
(textcomp)             only a restricted character set as indicated.
(textcomp)             Family '?' is the default used for unknown fonts.
(textcomp)             See the documentation for details.
Package textcomp Info: Setting ? sub-encoding to TS1/1 on input line 71.

("C:\Program Files\MiKTeX 2.9\tex\latex\base\ts1enc.def"
File: ts1enc.def 2001/06/05 v3.0e (jk/car/fm) Standard LaTeX file
)
LaTeX Info: Redefining \oldstylenums on input line 266.
Package textcomp Info: Setting cmr sub-encoding to TS1/0 on input line 281.
Package textcomp Info: Setting cmss sub-encoding to TS1/0 on input line 282.
Package textcomp Info: Setting cmtt sub-encoding to TS1/0 on input line 283.
Package textcomp Info: Setting cmvtt sub-encoding to TS1/0 on input line 284.
Package textcomp Info: Setting cmbr sub-encoding to TS1/0 on input line 285.
Package textcomp Info: Setting cmtl sub-encoding to TS1/0 on input line 286.
Package textcomp Info: Setting ccr sub-encoding to TS1/0 on input line 287.
Package textcomp Info: Setting ptm sub-encoding to TS1/4 on input line 288.
Package textcomp Info: Setting pcr sub-encoding to TS1/4 on input line 289.
Package textcomp Info: Setting phv sub-encoding to TS1/4 on input line 290.
Package textcomp Info: Setting ppl sub-encoding to TS1/3 on input line 291.
Package textcomp Info: Setting pag sub-encoding to TS1/4 on input line 292.
Package textcomp Info: Setting pbk sub-encoding to TS1/4 on input line 293.
Package textcomp Info: Setting pnc sub-encoding to TS1/4 on input line 294.
Package textcomp Info: Setting pzc sub-encoding to TS1/4 on input line 295.
Package textcomp Info: Setting bch sub-encoding to TS1/4 on input line 296.
Package textcomp Info: Setting put sub-encoding to TS1/5 on input line 297.
Package textcomp Info: Setting uag sub-encoding to TS1/5 on input line 298.
Package textcomp Info: Setting ugq sub-encoding to TS1/5 on input line 299.
Package textcomp Info: Setting ul8 sub-encoding to TS1/4 on input line 300.
Package textcomp Info: Setting ul9 sub-encoding to TS1/4 on input line 301.
Package textcomp Info: Setting augie sub-encoding to TS1/5 on input line 302.
Package textcomp Info: Setting dayrom sub-encoding to TS1/3 on input line 303.
Package textcomp Info: Setting dayroms sub-encoding to TS1/3 on input line 304.

Package textcomp Info: Setting pxr sub-encoding to TS1/0 on input line 305.
Package textcomp Info: Setting pxss sub-encoding to TS1/0 on input line 306.
Package textcomp Info: Setting pxtt sub-encoding to TS1/0 on input line 307.
Package textcomp Info: Setting txr sub-encoding to TS1/0 on input line 308.
Package textcomp Info: Setting txss sub-encoding to TS1/0 on input line 309.
Package textcomp Info: Setting txtt sub-encoding to TS1/0 on input line 310.
Package textcomp Info: Setting lmr sub-encoding to TS1/0 on input line 311.
Package textcomp Info: Setting lmdh sub-encoding to TS1/0 on input line 312.
Package textcomp Info: Setting lmss sub-encoding to TS1/0 on input line 313.
Package textcomp Info: Setting lmssq sub-encoding to TS1/0 on input line 314.
Package textcomp Info: Setting lmvtt sub-encoding to TS1/0 on input line 315.
Package textcomp Info: Setting qhv sub-encoding to TS1/0 on input line 316.
Package textcomp Info: Setting qag sub-encoding to TS1/0 on input line 317.
Package textcomp Info: Setting qbk sub-encoding to TS1/0 on input line 318.
Package textcomp Info: Setting qcr sub-encoding to TS1/0 on input line 319.
Package textcomp Info: Setting qcs sub-encoding to TS1/0 on input line 320.
Package textcomp Info: Setting qpl sub-encoding to TS1/0 on input line 321.
Package textcomp Info: Setting qtm sub-encoding to TS1/0 on input line 322.
Package textcomp Info: Setting qzc sub-encoding to TS1/0 on input line 323.
Package textcomp Info: Setting qhvc sub-encoding to TS1/0 on input line 324.
Package textcomp Info: Setting futs sub-encoding to TS1/4 on input line 325.
Package textcomp Info: Setting futx sub-encoding to TS1/4 on input line 326.
Package textcomp Info: Setting futj sub-encoding to TS1/4 on input line 327.
Package textcomp Info: Setting hlh sub-encoding to TS1/3 on input line 328.
Package textcomp Info: Setting hls sub-encoding to TS1/3 on input line 329.
Package textcomp Info: Setting hlst sub-encoding to TS1/3 on input line 330.
Package textcomp Info: Setting hlct sub-encoding to TS1/5 on input line 331.
Package textcomp Info: Setting hlx sub-encoding to TS1/5 on input line 332.
Package textcomp Info: Setting hlce sub-encoding to TS1/5 on input line 333.
Package textcomp Info: Setting hlcn sub-encoding to TS1/5 on input line 334.
Package textcomp Info: Setting hlcw sub-encoding to TS1/5 on input line 335.
Package textcomp Info: Setting hlcf sub-encoding to TS1/5 on input line 336.
Package textcomp Info: Setting pplx sub-encoding to TS1/3 on input line 337.
Package textcomp Info: Setting pplj sub-encoding to TS1/3 on input line 338.
Package textcomp Info: Setting ptmx sub-encoding to TS1/4 on input line 339.
Package textcomp Info: Setting ptmj sub-encoding to TS1/4 on input line 340.
)
(C:\Users\Laurent\AppData\Roaming\MiKTeX\2.9\tex\latex\titlesec\titlesec.sty
Package: titlesec 2011/12/15 v2.10.0 Sectioning titles
\ttl@box=\box30
\beforetitleunit=\skip45
\aftertitleunit=\skip46
\ttl@plus=\dimen114
\ttl@minus=\dimen115
\ttl@toksa=\toks18
\titlewidth=\dimen116
\titlewidthlast=\dimen117
\titlewidthfirst=\dimen118
)
("C:\Program Files\MiKTeX 2.9\tex\latex\lm\lmodern.sty"
Package: lmodern 2009/10/30 v1.6 Latin Modern Fonts
LaTeX Font Info:    Overwriting symbol font `operators' in version `normal'
(Font)                  OT1/cmr/m/n --> OT1/lmr/m/n on input line 22.
LaTeX Font Info:    Overwriting symbol font `letters' in version `normal'
(Font)                  OML/cmm/m/it --> OML/lmm/m/it on input line 23.
LaTeX Font Info:    Overwriting symbol font `symbols' in version `normal'
(Font)                  OMS/cmsy/m/n --> OMS/lmsy/m/n on input line 24.
LaTeX Font Info:    Overwriting symbol font `largesymbols' in version `normal'
(Font)                  OMX/cmex/m/n --> OMX/lmex/m/n on input line 25.
LaTeX Font Info:    Overwriting symbol font `operators' in version `bold'
(Font)                  OT1/cmr/bx/n --> OT1/lmr/bx/n on input line 26.
LaTeX Font Info:    Overwriting symbol font `letters' in version `bold'
(Font)                  OML/cmm/b/it --> OML/lmm/b/it on input line 27.
LaTeX Font Info:    Overwriting symbol font `symbols' in version `bold'
(Font)                  OMS/cmsy/b/n --> OMS/lmsy/b/n on input line 28.
LaTeX Font Info:    Overwriting symbol font `largesymbols' in version `bold'
(Font)                  OMX/cmex/m/n --> OMX/lmex/m/n on input line 29.
LaTeX Font Info:    Overwriting math alphabet `\mathbf' in version `normal'
(Font)                  OT1/cmr/bx/n --> OT1/lmr/bx/n on input line 31.
LaTeX Font Info:    Overwriting math alphabet `\mathsf' in version `normal'
(Font)                  OT1/cmss/m/n --> OT1/lmss/m/n on input line 32.
LaTeX Font Info:    Overwriting math alphabet `\mathit' in version `normal'
(Font)                  OT1/cmr/m/it --> OT1/lmr/m/it on input line 33.
LaTeX Font Info:    Overwriting math alphabet `\mathtt' in version `normal'
(Font)                  OT1/cmtt/m/n --> OT1/lmtt/m/n on input line 34.
LaTeX Font Info:    Overwriting math alphabet `\mathbf' in version `bold'
(Font)                  OT1/cmr/bx/n --> OT1/lmr/bx/n on input line 35.
LaTeX Font Info:    Overwriting math alphabet `\mathsf' in version `bold'
(Font)                  OT1/cmss/bx/n --> OT1/lmss/bx/n on input line 36.
LaTeX Font Info:    Overwriting math alphabet `\mathit' in version `bold'
(Font)                  OT1/cmr/bx/it --> OT1/lmr/bx/it on input line 37.
LaTeX Font Info:    Overwriting math alphabet `\mathtt' in version `bold'
(Font)                  OT1/cmtt/m/n --> OT1/lmtt/m/n on input line 38.
)
(C:\Users\Laurent\AppData\Roaming\MiKTeX\2.9\tex\latex\lipsum\lipsum.sty
Package: lipsum 2014/07/27 v1.3 150 paragraphs of Lorem Ipsum dummy text
\c@lips@count=\count112
)
(C:\Users\Laurent\AppData\Roaming\MiKTeX\2.9\tex\latex\natbib\natbib.sty
Package: natbib 2010/09/13 8.31b (PWD, AO)
\bibhang=\skip47
\bibsep=\skip48
LaTeX Info: Redefining \cite on input line 694.
\c@NAT@ctr=\count113
)
\chapnumb=\skip49

(C:\Users\Laurent\AppData\Roaming\MiKTeX\2.9\tex\latex\titlesec\block.tss
File: block.tss 2011/12/15
)
(C:\Users\Laurent\AppData\Roaming\MiKTeX\2.9\tex\latex\titlesec\ttlkeys.def
File: ttlkeys.def 2011/12/15
)
(C:\Users\Laurent\AppData\Roaming\MiKTeX\2.9\tex\latex\caption\caption.sty
Package: caption 2013/05/02 v3.3-89 Customizing captions (AR)

(C:\Users\Laurent\AppData\Roaming\MiKTeX\2.9\tex\latex\caption\caption3.sty
Package: caption3 2013/05/02 v1.6-88 caption3 kernel (AR)
Package caption3 Info: TeX engine: e-TeX on input line 57.
\captionmargin=\dimen119
\captionmargin@=\dimen120
\captionwidth=\dimen121
\caption@tempdima=\dimen122
\caption@indent=\dimen123
\caption@parindent=\dimen124
\caption@hangindent=\dimen125
)
\c@ContinuedFloat=\count114
Package caption Info: float package is loaded.
Package caption Info: hyperref package is loaded.
Package caption Info: listings package is loaded.
)
(C:\Users\Laurent\AppData\Roaming\MiKTeX\2.9\tex\latex\pdfpages\pdfpages.sty
Package: pdfpages 2015/04/15 v0.4w Insert pages of external PDF documents (AM)

("C:\Program Files\MiKTeX 2.9\tex\latex\base\ifthen.sty"
Package: ifthen 2001/05/26 v1.1c Standard LaTeX ifthen package (DPC)
)
("C:\Program Files\MiKTeX 2.9\tex\latex\tools\calc.sty"
Package: calc 2007/08/22 v4.3 Infix arithmetic (KKT,FJ)
\calc@Acount=\count115
\calc@Bcount=\count116
\calc@Adimen=\dimen126
\calc@Bdimen=\dimen127
\calc@Askip=\skip50
\calc@Bskip=\skip51
LaTeX Info: Redefining \setlength on input line 76.
LaTeX Info: Redefining \addtolength on input line 77.
\calc@Ccount=\count117
\calc@Cskip=\skip52
)
(C:\Users\Laurent\AppData\Roaming\MiKTeX\2.9\tex\latex\eso-pic\eso-pic.sty
Package: eso-pic 2013/10/06 v2.0d eso-pic (RN)
)
(C:\Users\Laurent\AppData\Roaming\MiKTeX\2.9\tex\latex\pdfpages\pppdftex.def
File: pppdftex.def 2015/04/15 v0.4w Pdfpages driver for pdfTeX (AM)
)
\AM@pagebox=\box31
\AM@toc@title=\toks19
\c@AM@survey=\count118
\AM@templatesizebox=\box32
)

LaTeX Warning: Unused global option(s):
    [svglistings].


("C:\Users\Laurent\Dropbox\School\Master\Web Engineering\Assignments\Assignment
 3\WebEngineering.aux")
LaTeX Font Info:    Checking defaults for OML/cmm/m/it on input line 59.
LaTeX Font Info:    ... okay on input line 59.
LaTeX Font Info:    Checking defaults for T1/cmr/m/n on input line 59.
LaTeX Font Info:    ... okay on input line 59.
LaTeX Font Info:    Checking defaults for OT1/cmr/m/n on input line 59.
LaTeX Font Info:    ... okay on input line 59.
LaTeX Font Info:    Checking defaults for OMS/cmsy/m/n on input line 59.
LaTeX Font Info:    ... okay on input line 59.
LaTeX Font Info:    Checking defaults for OMX/cmex/m/n on input line 59.
LaTeX Font Info:    ... okay on input line 59.
LaTeX Font Info:    Checking defaults for U/cmr/m/n on input line 59.
LaTeX Font Info:    ... okay on input line 59.
LaTeX Font Info:    Checking defaults for PD1/pdf/m/n on input line 59.
LaTeX Font Info:    ... okay on input line 59.
LaTeX Font Info:    Checking defaults for TS1/cmr/m/n on input line 59.
LaTeX Font Info:    Try loading font information for TS1+cmr on input line 59.
 ("C:\Program Files\MiKTeX 2.9\tex\latex\base\ts1cmr.fd"
File: ts1cmr.fd 1999/05/25 v2.5h Standard LaTeX font definitions
)
LaTeX Font Info:    ... okay on input line 59.
LaTeX Font Info:    Try loading font information for OT1+lmr on input line 59.
 ("C:\Program Files\MiKTeX 2.9\tex\latex\lm\ot1lmr.fd"
File: ot1lmr.fd 2009/10/30 v1.6 Font defs for Latin Modern
)
(C:\Users\Laurent\AppData\Roaming\MiKTeX\2.9\tex\context\base\supp-pdf.mkii
[Loading MPS to PDF converter (version 2006.09.02).]
\scratchcounter=\count119
\scratchdimen=\dimen128
\scratchbox=\box33
\nofMPsegments=\count120
\nofMParguments=\count121
\everyMPshowfont=\toks20
\MPscratchCnt=\count122
\MPscratchDim=\dimen129
\MPnumerator=\count123
\makeMPintoPDFobject=\count124
\everyMPtoPDFconversion=\toks21
)
\AtBeginShipoutBox=\box34
Package hyperref Info: Link coloring ON on input line 59.
 ("C:\Program Files\MiKTeX 2.9\tex\latex\hyperref\nameref.sty"
Package: nameref 2012/10/27 v2.43 Cross-referencing by name of section

("C:\Program Files\MiKTeX 2.9\tex\generic\oberdiek\gettitlestring.sty"
Package: gettitlestring 2010/12/03 v1.4 Cleanup title references (HO)
)
\c@section@level=\count125
)
LaTeX Info: Redefining \ref on input line 59.
LaTeX Info: Redefining \pageref on input line 59.
LaTeX Info: Redefining \nameref on input line 59.

("C:\Users\Laurent\Dropbox\School\Master\Web Engineering\Assignments\Assignment
 3\WebEngineering.out")
("C:\Users\Laurent\Dropbox\School\Master\Web Engineering\Assignments\Assignment
 3\WebEngineering.out")
\@outlinefile=\write3
\c@lstlisting=\count126
Package caption Info: Begin \AtBeginDocument code.
Package caption Info: End \AtBeginDocument code.
LaTeX Font Info:    Try loading font information for OML+lmm on input line 93.
 ("C:\Program Files\MiKTeX 2.9\tex\latex\lm\omllmm.fd"
File: omllmm.fd 2009/10/30 v1.6 Font defs for Latin Modern
)
LaTeX Font Info:    Try loading font information for OMS+lmsy on input line 93.


("C:\Program Files\MiKTeX 2.9\tex\latex\lm\omslmsy.fd"
File: omslmsy.fd 2009/10/30 v1.6 Font defs for Latin Modern
)
LaTeX Font Info:    Try loading font information for OMX+lmex on input line 93.


("C:\Program Files\MiKTeX 2.9\tex\latex\lm\omxlmex.fd"
File: omxlmex.fd 2009/10/30 v1.6 Font defs for Latin Modern
)
LaTeX Font Info:    External font `lmex10' loaded for size
(Font)              <10.95> on input line 93.
LaTeX Font Info:    External font `lmex10' loaded for size
(Font)              <8> on input line 93.
LaTeX Font Info:    External font `lmex10' loaded for size
(Font)              <6> on input line 93.

<./images/vub_schild.jpg, id=287, 351.3125pt x 351.3125pt>
File: ./images/vub_schild.jpg Graphic file (type jpg)

<use ./images/vub_schild.jpg>
Package pdftex.def Info: ./images/vub_schild.jpg used on input line 115.
(pdftex.def)             Requested size: 166.2212pt x 166.22653pt.
 [1


{C:/Users/Laurent/AppData/Local/MiKTeX/2.9/pdftex/config/pdftex.map} <C:/Users/
Laurent/Dropbox/School/Master/Web Engineering/Assignments/Assignment 3/images/v
ub_schild.jpg>]
LaTeX Font Info:    Try loading font information for OT1+lmss on input line 126
.

("C:\Program Files\MiKTeX 2.9\tex\latex\lm\ot1lmss.fd"
File: ot1lmss.fd 2009/10/30 v1.6 Font defs for Latin Modern
)
("C:\Users\Laurent\Dropbox\School\Master\Web Engineering\Assignments\Assignment
 3\WebEngineering.toc" [1


])
\tf@toc=\write4
 [2]
("C:\Users\Laurent\Dropbox\School\Master\Web Engineering\Assignments\Assignment
 3\WebEngineering.lof" [3

])
\tf@lof=\write5
 [4] [5

]
Chapter 1.
pdfTeX warning (ext4): destination with the same identifier (name{page.1}) has 
been already used, duplicate ignored
<to be read again> 
                   \relax 
l.160 \chapter
              {Audience modeling} [1


]
Chapter 2.
LaTeX Font Info:    Try loading font information for TS1+lmr on input line 169.

("C:\Program Files\MiKTeX 2.9\tex\latex\lm\ts1lmr.fd"
File: ts1lmr.fd 2009/10/30 v1.6 Font defs for Latin Modern
) [2

]
Underfull \hbox (badness 10000) in paragraph at lines 231--232

 []

[3] [4]
Underfull \hbox (badness 10000) in paragraph at lines 297--298

 []

<./images/Users3.pdf, id=569, 332.74312pt x 477.28313pt>
File: ./images/Users3.pdf Graphic file (type pdf)

<use ./images/Users3.pdf>
Package pdftex.def Info: ./images/Users3.pdf used on input line 301.
(pdftex.def)             Requested size: 332.7423pt x 477.28195pt.


Package caption Warning: The option `hypcap=true' will be ignored for this
(caption)                particular \caption on input line 302.
See the caption package documentation for explanation.

LaTeX Font Info:    Try loading font information for OT1+lmtt on input line 302
.
("C:\Program Files\MiKTeX 2.9\tex\latex\lm\ot1lmtt.fd"
File: ot1lmtt.fd 2009/10/30 v1.6 Font defs for Latin Modern
) [5] [6 <C:/Users/Laurent/Dropbox/School/Master/Web Engineering/Assignments/As
signment 3/images/Users3.pdf>] [7]
Chapter 3.

Underfull \hbox (badness 10000) in paragraph at lines 364--369

 []


Underfull \hbox (badness 10000) in paragraph at lines 364--369

 []

<./images/CTT_Login.png, id=591, 448.67625pt x 141.52875pt>
File: ./images/CTT_Login.png Graphic file (type png)

<use ./images/CTT_Login.png>
Package pdftex.def Info: ./images/CTT_Login.png used on input line 378.
(pdftex.def)             Requested size: 452.9679pt x 142.88675pt.


Package caption Warning: The option `hypcap=true' will be ignored for this
(caption)                particular \caption on input line 379.
See the caption package documentation for explanation.


Underfull \hbox (badness 10000) in paragraph at lines 376--387

 []


Underfull \hbox (badness 10000) in paragraph at lines 376--387

 []


Underfull \hbox (badness 10000) in paragraph at lines 376--387

 []


Underfull \hbox (badness 10000) in paragraph at lines 376--387

 []

[8

] <./images/CTT_Register.png, id=596, 361.35pt x 141.52875pt>
File: ./images/CTT_Register.png Graphic file (type png)

<use ./images/CTT_Register.png>
Package pdftex.def Info: ./images/CTT_Register.png used on input line 394.
(pdftex.def)             Requested size: 452.9679pt x 177.41367pt.


Package caption Warning: The option `hypcap=true' will be ignored for this
(caption)                particular \caption on input line 395.
See the caption package documentation for explanation.


Underfull \hbox (badness 10000) in paragraph at lines 392--403

 []


Underfull \hbox (badness 10000) in paragraph at lines 392--403

 []


Underfull \hbox (badness 10000) in paragraph at lines 392--403

 []


Underfull \hbox (badness 10000) in paragraph at lines 392--403

 []

[9 <C:/Users/Laurent/Dropbox/School/Master/Web Engineering/Assignments/Assignme
nt 3/images/CTT_Login.png> <C:/Users/Laurent/Dropbox/School/Master/Web Engineer
ing/Assignments/Assignment 3/images/CTT_Register.png>]
<./images/CTT_Search.png, id=601, 420.82219pt x 146.79843pt>
File: ./images/CTT_Search.png Graphic file (type png)

<use ./images/CTT_Search.png>
Package pdftex.def Info: ./images/CTT_Search.png used on input line 412.
(pdftex.def)             Requested size: 452.9679pt x 158.01353pt.


Package caption Warning: The option `hypcap=true' will be ignored for this
(caption)                particular \caption on input line 413.
See the caption package documentation for explanation.


Underfull \hbox (badness 10000) in paragraph at lines 410--420

 []


Underfull \hbox (badness 10000) in paragraph at lines 410--420

 []


Underfull \hbox (badness 10000) in paragraph at lines 410--420

 []


Underfull \hbox (badness 10000) in paragraph at lines 410--420

 []

<./images/CTT_Search_2.png, id=602, 528.97626pt x 161.60374pt>
File: ./images/CTT_Search_2.png Graphic file (type png)

<use ./images/CTT_Search_2.png>
Package pdftex.def Info: ./images/CTT_Search_2.png used on input line 429.
(pdftex.def)             Requested size: 452.9679pt x 138.38223pt.


Package caption Warning: The option `hypcap=true' will be ignored for this
(caption)                particular \caption on input line 430.
See the caption package documentation for explanation.


Underfull \hbox (badness 10000) in paragraph at lines 427--438

 []


Underfull \hbox (badness 10000) in paragraph at lines 427--438

 []


Underfull \hbox (badness 10000) in paragraph at lines 427--438

 []


Underfull \hbox (badness 10000) in paragraph at lines 427--438

 []

[10 <C:/Users/Laurent/Dropbox/School/Master/Web Engineering/Assignments/Assignm
ent 3/images/CTT_Search.png> <C:/Users/Laurent/Dropbox/School/Master/Web Engine
ering/Assignments/Assignment 3/images/CTT_Search_2.png>]
<./images/CTT_Members.png, id=607, 407.27156pt x 148.30406pt>
File: ./images/CTT_Members.png Graphic file (type png)

<use ./images/CTT_Members.png>
Package pdftex.def Info: ./images/CTT_Members.png used on input line 447.
(pdftex.def)             Requested size: 452.9679pt x 164.95209pt.


Package caption Warning: The option `hypcap=true' will be ignored for this
(caption)                particular \caption on input line 448.
See the caption package documentation for explanation.


Underfull \hbox (badness 10000) in paragraph at lines 453--458

 []


Underfull \hbox (badness 10000) in paragraph at lines 453--458

 []

[11 <C:/Users/Laurent/Dropbox/School/Master/Web Engineering/Assignments/Assignm
ent 3/images/CTT_Members.png>]
<./images/CTT_Profile.png, id=612, 353.06906pt x 141.52875pt>
File: ./images/CTT_Profile.png Graphic file (type png)

<use ./images/CTT_Profile.png>
Package pdftex.def Info: ./images/CTT_Profile.png used on input line 469.
(pdftex.def)             Requested size: 452.9679pt x 181.57512pt.


Package caption Warning: The option `hypcap=true' will be ignored for this
(caption)                particular \caption on input line 470.
See the caption package documentation for explanation.


Underfull \hbox (badness 10000) in paragraph at lines 467--478

 []


Underfull \hbox (badness 10000) in paragraph at lines 467--478

 []


Underfull \hbox (badness 10000) in paragraph at lines 467--478

 []


Underfull \hbox (badness 10000) in paragraph at lines 467--478

 []

<./images/CTT_Add.png, id=613, 438.13687pt x 150.5625pt>
File: ./images/CTT_Add.png Graphic file (type png)

<use ./images/CTT_Add.png>
Package pdftex.def Info: ./images/CTT_Add.png used on input line 489.
(pdftex.def)             Requested size: 452.9679pt x 155.66232pt.


Package caption Warning: The option `hypcap=true' will be ignored for this
(caption)                particular \caption on input line 490.
See the caption package documentation for explanation.


Underfull \hbox (badness 10000) in paragraph at lines 487--498

 []


Underfull \hbox (badness 10000) in paragraph at lines 487--498

 []


Underfull \hbox (badness 10000) in paragraph at lines 487--498

 []


Underfull \hbox (badness 10000) in paragraph at lines 487--498

 []

[12 <C:/Users/Laurent/Dropbox/School/Master/Web Engineering/Assignments/Assignm
ent 3/images/CTT_Profile.png>]
<./images/CTT_Profile_Delete.png, id=618, 616.3025pt x 216.81pt>
File: ./images/CTT_Profile_Delete.png Graphic file (type png)

<use ./images/CTT_Profile_Delete.png>
Package pdftex.def Info: ./images/CTT_Profile_Delete.png used on input line 509
.
(pdftex.def)             Requested size: 452.9679pt x 159.35509pt.


Package caption Warning: The option `hypcap=true' will be ignored for this
(caption)                particular \caption on input line 510.
See the caption package documentation for explanation.


Underfull \hbox (badness 10000) in paragraph at lines 507--518

 []


Underfull \hbox (badness 10000) in paragraph at lines 507--518

 []


Underfull \hbox (badness 10000) in paragraph at lines 507--518

 []


Underfull \hbox (badness 10000) in paragraph at lines 507--518

 []

[13 <C:/Users/Laurent/Dropbox/School/Master/Web Engineering/Assignments/Assignm
ent 3/images/CTT_Add.png> <C:/Users/Laurent/Dropbox/School/Master/Web Engineeri
ng/Assignments/Assignment 3/images/CTT_Profile_Delete.png>]
<./images/CTT_Search_Profile.png, id=624, 341.02406pt x 141.52875pt>
File: ./images/CTT_Search_Profile.png Graphic file (type png)

<use ./images/CTT_Search_Profile.png>
Package pdftex.def Info: ./images/CTT_Search_Profile.png used on input line 528
.
(pdftex.def)             Requested size: 341.02322pt x 141.5284pt.


Package caption Warning: The option `hypcap=true' will be ignored for this
(caption)                particular \caption on input line 529.
See the caption package documentation for explanation.


Underfull \hbox (badness 10000) in paragraph at lines 526--537

 []


Underfull \hbox (badness 10000) in paragraph at lines 526--537

 []


Underfull \hbox (badness 10000) in paragraph at lines 526--537

 []


Underfull \hbox (badness 10000) in paragraph at lines 526--537

 []

<./images/CTT_Member_Profile.png, id=625, 345.29pt x 149.55875pt>
File: ./images/CTT_Member_Profile.png Graphic file (type png)

<use ./images/CTT_Member_Profile.png>
Package pdftex.def Info: ./images/CTT_Member_Profile.png used on input line 543
.
(pdftex.def)             Requested size: 345.28914pt x 149.55838pt.


Package caption Warning: The option `hypcap=true' will be ignored for this
(caption)                particular \caption on input line 544.
See the caption package documentation for explanation.


Underfull \hbox (badness 10000) in paragraph at lines 541--552

 []


Underfull \hbox (badness 10000) in paragraph at lines 541--552

 []


Underfull \hbox (badness 10000) in paragraph at lines 541--552

 []


Underfull \hbox (badness 10000) in paragraph at lines 541--552

 []

[14 <C:/Users/Laurent/Dropbox/School/Master/Web Engineering/Assignments/Assignm
ent 3/images/CTT_Search_Profile.png>]
<./images/CTT_Put_Message.png, id=630, 621.32124pt x 230.8625pt>
File: ./images/CTT_Put_Message.png Graphic file (type png)

<use ./images/CTT_Put_Message.png>
Package pdftex.def Info: ./images/CTT_Put_Message.png used on input line 559.
(pdftex.def)             Requested size: 452.9679pt x 168.3098pt.


Package caption Warning: The option `hypcap=true' will be ignored for this
(caption)                particular \caption on input line 560.
See the caption package documentation for explanation.


Underfull \hbox (badness 10000) in paragraph at lines 557--568

 []


Underfull \hbox (badness 10000) in paragraph at lines 557--568

 []


Underfull \hbox (badness 10000) in paragraph at lines 557--568

 []


Underfull \hbox (badness 10000) in paragraph at lines 557--568

 []

[15 <C:/Users/Laurent/Dropbox/School/Master/Web Engineering/Assignments/Assignm
ent 3/images/CTT_Member_Profile.png> <C:/Users/Laurent/Dropbox/School/Master/We
b Engineering/Assignments/Assignment 3/images/CTT_Put_Message.png>]
<./images/CTT_Answer_Message.png, id=635, 493.845pt x 174.6525pt>
File: ./images/CTT_Answer_Message.png Graphic file (type png)

<use ./images/CTT_Answer_Message.png>
Package pdftex.def Info: ./images/CTT_Answer_Message.png used on input line 576
.
(pdftex.def)             Requested size: 452.9679pt x 160.19455pt.


Package caption Warning: The option `hypcap=true' will be ignored for this
(caption)                particular \caption on input line 577.
See the caption package documentation for explanation.


Underfull \hbox (badness 10000) in paragraph at lines 574--585

 []


Underfull \hbox (badness 10000) in paragraph at lines 574--585

 []


Underfull \hbox (badness 10000) in paragraph at lines 574--585

 []


Underfull \hbox (badness 10000) in paragraph at lines 574--585

 []

<./images/CTT_Delete_Message.png, id=636, 469.755pt x 150.5625pt>
File: ./images/CTT_Delete_Message.png Graphic file (type png)

<use ./images/CTT_Delete_Message.png>
Package pdftex.def Info: ./images/CTT_Delete_Message.png used on input line 594
.
(pdftex.def)             Requested size: 452.9679pt x 145.18161pt.


Package caption Warning: The option `hypcap=true' will be ignored for this
(caption)                particular \caption on input line 595.
See the caption package documentation for explanation.


Underfull \hbox (badness 10000) in paragraph at lines 592--603

 []


Underfull \hbox (badness 10000) in paragraph at lines 592--603

 []


Underfull \hbox (badness 10000) in paragraph at lines 592--603

 []


Underfull \hbox (badness 10000) in paragraph at lines 592--603

 []

[16 <C:/Users/Laurent/Dropbox/School/Master/Web Engineering/Assignments/Assignm
ent 3/images/CTT_Answer_Message.png>]
<./images/CTT_Send_PM.png, id=641, 571.38469pt x 112.92188pt>
File: ./images/CTT_Send_PM.png Graphic file (type png)

<use ./images/CTT_Send_PM.png>
Package pdftex.def Info: ./images/CTT_Send_PM.png used on input line 612.
(pdftex.def)             Requested size: 452.9679pt x 89.51917pt.


Package caption Warning: The option `hypcap=true' will be ignored for this
(caption)                particular \caption on input line 613.
See the caption package documentation for explanation.


Underfull \hbox (badness 10000) in paragraph at lines 610--621

 []


Underfull \hbox (badness 10000) in paragraph at lines 610--621

 []


Underfull \hbox (badness 10000) in paragraph at lines 610--621

 []


Underfull \hbox (badness 10000) in paragraph at lines 610--621

 []

[17 <C:/Users/Laurent/Dropbox/School/Master/Web Engineering/Assignments/Assignm
ent 3/images/CTT_Delete_Message.png> <C:/Users/Laurent/Dropbox/School/Master/We
b Engineering/Assignments/Assignment 3/images/CTT_Send_PM.png>]
<./images/CTT_Like.png, id=646, 366.61969pt x 92.59593pt>
File: ./images/CTT_Like.png Graphic file (type png)

<use ./images/CTT_Like.png>
Package pdftex.def Info: ./images/CTT_Like.png used on input line 629.
(pdftex.def)             Requested size: 452.9679pt x 114.41225pt.


Package caption Warning: The option `hypcap=true' will be ignored for this
(caption)                particular \caption on input line 630.
See the caption package documentation for explanation.


Underfull \hbox (badness 10000) in paragraph at lines 627--638

 []


Underfull \hbox (badness 10000) in paragraph at lines 627--638

 []


Underfull \hbox (badness 10000) in paragraph at lines 627--638

 []


Underfull \hbox (badness 10000) in paragraph at lines 627--638

 []

<./images/CTT_LikeList.png, id=647, 468.24937pt x 174.6525pt>
File: ./images/CTT_LikeList.png Graphic file (type png)

<use ./images/CTT_LikeList.png>
Package pdftex.def Info: ./images/CTT_LikeList.png used on input line 648.
(pdftex.def)             Requested size: 452.9679pt x 168.96233pt.


Package caption Warning: The option `hypcap=true' will be ignored for this
(caption)                particular \caption on input line 649.
See the caption package documentation for explanation.


Underfull \hbox (badness 10000) in paragraph at lines 646--657

 []


Underfull \hbox (badness 10000) in paragraph at lines 646--657

 []


Underfull \hbox (badness 10000) in paragraph at lines 646--657

 []


Underfull \hbox (badness 10000) in paragraph at lines 646--657

 []

[18 <C:/Users/Laurent/Dropbox/School/Master/Web Engineering/Assignments/Assignm
ent 3/images/CTT_Like.png> <C:/Users/Laurent/Dropbox/School/Master/Web Engineer
ing/Assignments/Assignment 3/images/CTT_LikeList.png>]
<./images/CTT_Notify.png, id=652, 240.14719pt x 150.5625pt>
File: ./images/CTT_Notify.png Graphic file (type png)

<use ./images/CTT_Notify.png>
Package pdftex.def Info: ./images/CTT_Notify.png used on input line 667.
(pdftex.def)             Requested size: 288.17516pt x 180.67407pt.


Package caption Warning: The option `hypcap=true' will be ignored for this
(caption)                particular \caption on input line 668.
See the caption package documentation for explanation.


Underfull \hbox (badness 10000) in paragraph at lines 665--673

 []


Underfull \hbox (badness 10000) in paragraph at lines 665--673

 []


Underfull \hbox (badness 10000) in paragraph at lines 682--685

 []

[19 <C:/Users/Laurent/Dropbox/School/Master/Web Engineering/Assignments/Assignm
ent 3/images/CTT_Notify.png>]
<./images/CTT_Attention.png, id=658, 712.6625pt x 215.80624pt>
File: ./images/CTT_Attention.png Graphic file (type png)

<use ./images/CTT_Attention.png>
Package pdftex.def Info: ./images/CTT_Attention.png used on input line 694.
(pdftex.def)             Requested size: 452.9679pt x 137.16714pt.


Package caption Warning: The option `hypcap=true' will be ignored for this
(caption)                particular \caption on input line 695.
See the caption package documentation for explanation.


Underfull \hbox (badness 10000) in paragraph at lines 692--703

 []


Underfull \hbox (badness 10000) in paragraph at lines 692--703

 []


Underfull \hbox (badness 10000) in paragraph at lines 692--703

 []


Underfull \hbox (badness 10000) in paragraph at lines 692--703

 []

<./images/CTT_AttentionNotify.png, id=659, 738.76pt x 298.11375pt>
File: ./images/CTT_AttentionNotify.png Graphic file (type png)

<use ./images/CTT_AttentionNotify.png>
Package pdftex.def Info: ./images/CTT_AttentionNotify.png used on input line 71
2.
(pdftex.def)             Requested size: 452.9679pt x 182.78618pt.


Package caption Warning: The option `hypcap=true' will be ignored for this
(caption)                particular \caption on input line 713.
See the caption package documentation for explanation.


Underfull \hbox (badness 10000) in paragraph at lines 710--721

 []


Underfull \hbox (badness 10000) in paragraph at lines 710--721

 []


Underfull \hbox (badness 10000) in paragraph at lines 710--721

 []


Underfull \hbox (badness 10000) in paragraph at lines 710--721

 []

[20 <C:/Users/Laurent/Dropbox/School/Master/Web Engineering/Assignments/Assignm
ent 3/images/CTT_Attention.png>]
<./images/CTT_Message_Random.png, id=664, 484.81125pt x 159.59625pt>
File: ./images/CTT_Message_Random.png Graphic file (type png)

<use ./images/CTT_Message_Random.png>
Package pdftex.def Info: ./images/CTT_Message_Random.png used on input line 729
.
(pdftex.def)             Requested size: 452.9679pt x 149.12187pt.


Package caption Warning: The option `hypcap=true' will be ignored for this
(caption)                particular \caption on input line 730.
See the caption package documentation for explanation.


Underfull \hbox (badness 10000) in paragraph at lines 727--737

 []


Underfull \hbox (badness 10000) in paragraph at lines 727--737

 []


Underfull \hbox (badness 10000) in paragraph at lines 727--737

 []

[21 <C:/Users/Laurent/Dropbox/School/Master/Web Engineering/Assignments/Assignm
ent 3/images/CTT_AttentionNotify.png> <C:/Users/Laurent/Dropbox/School/Master/W
eb Engineering/Assignments/Assignment 3/images/CTT_Message_Random.png>]
<./images/CTT_Block.png, id=669, 391.4625pt x 215.80624pt>
File: ./images/CTT_Block.png Graphic file (type png)

<use ./images/CTT_Block.png>
Package pdftex.def Info: ./images/CTT_Block.png used on input line 743.
(pdftex.def)             Requested size: 391.46153pt x 215.80571pt.


Package caption Warning: The option `hypcap=true' will be ignored for this
(caption)                particular \caption on input line 744.
See the caption package documentation for explanation.


Underfull \hbox (badness 10000) in paragraph at lines 741--752

 []


Underfull \hbox (badness 10000) in paragraph at lines 741--752

 []


Underfull \hbox (badness 10000) in paragraph at lines 741--752

 []


Underfull \hbox (badness 10000) in paragraph at lines 741--752

 []

<./images/CTT_Logoff.png, id=670, 277.035pt x 143.53625pt>
File: ./images/CTT_Logoff.png Graphic file (type png)

<use ./images/CTT_Logoff.png>
Package pdftex.def Info: ./images/CTT_Logoff.png used on input line 758.
(pdftex.def)             Requested size: 277.03432pt x 143.53589pt.


Package caption Warning: The option `hypcap=true' will be ignored for this
(caption)                particular \caption on input line 759.
See the caption package documentation for explanation.


Underfull \hbox (badness 10000) in paragraph at lines 756--765

 []


Underfull \hbox (badness 10000) in paragraph at lines 756--765

 []


Underfull \hbox (badness 10000) in paragraph at lines 756--765

 []


Underfull \hbox (badness 10000) in paragraph at lines 756--765

 []


Underfull \hbox (badness 10000) in paragraph at lines 756--765

 []

[22 <C:/Users/Laurent/Dropbox/School/Master/Web Engineering/Assignments/Assignm
ent 3/images/CTT_Block.png> <C:/Users/Laurent/Dropbox/School/Master/Web Enginee
ring/Assignments/Assignment 3/images/CTT_Logoff.png>]
<./images/CTT_Terminate.png, id=675, 310.15875pt x 141.52875pt>
File: ./images/CTT_Terminate.png Graphic file (type png)

<use ./images/CTT_Terminate.png>
Package pdftex.def Info: ./images/CTT_Terminate.png used on input line 771.
(pdftex.def)             Requested size: 310.15799pt x 141.5284pt.


Package caption Warning: The option `hypcap=true' will be ignored for this
(caption)                particular \caption on input line 772.
See the caption package documentation for explanation.


Underfull \hbox (badness 10000) in paragraph at lines 769--780

 []


Underfull \hbox (badness 10000) in paragraph at lines 769--780

 []


Underfull \hbox (badness 10000) in paragraph at lines 769--780

 []


Underfull \hbox (badness 10000) in paragraph at lines 769--780

 []

<./images/CTT_Personal.png, id=676, 708.6475pt x 146.5475pt>
File: ./images/CTT_Personal.png Graphic file (type png)

<use ./images/CTT_Personal.png>
Package pdftex.def Info: ./images/CTT_Personal.png used on input line 790.
(pdftex.def)             Requested size: 452.9679pt x 93.67378pt.


Package caption Warning: The option `hypcap=true' will be ignored for this
(caption)                particular \caption on input line 791.
See the caption package documentation for explanation.


Underfull \hbox (badness 10000) in paragraph at lines 788--799

 []


Underfull \hbox (badness 10000) in paragraph at lines 788--799

 []


Underfull \hbox (badness 10000) in paragraph at lines 788--799

 []


Underfull \hbox (badness 10000) in paragraph at lines 788--799

 []

[23 <C:/Users/Laurent/Dropbox/School/Master/Web Engineering/Assignments/Assignm
ent 3/images/CTT_Terminate.png> <C:/Users/Laurent/Dropbox/School/Master/Web Eng
ineering/Assignments/Assignment 3/images/CTT_Personal.png>]
<./images/CTT_Foreign.png, id=681, 744.7825pt x 151.56625pt>
File: ./images/CTT_Foreign.png Graphic file (type png)

<use ./images/CTT_Foreign.png>
Package pdftex.def Info: ./images/CTT_Foreign.png used on input line 809.
(pdftex.def)             Requested size: 452.9679pt x 92.18237pt.


Package caption Warning: The option `hypcap=true' will be ignored for this
(caption)                particular \caption on input line 810.
See the caption package documentation for explanation.


Underfull \hbox (badness 10000) in paragraph at lines 815--818

 []


Underfull \hbox (badness 10000) in paragraph at lines 815--818

 []

<CTT_Browse.png, id=682, 363.3575pt x 158.5925pt>
File: CTT_Browse.png Graphic file (type png)
 <use CTT_Browse.png>
Package pdftex.def Info: CTT_Browse.png used on input line 825.
(pdftex.def)             Requested size: 363.3566pt x 158.59209pt.


Package caption Warning: The option `hypcap=true' will be ignored for this
(caption)                particular \caption on input line 826.
See the caption package documentation for explanation.


Underfull \hbox (badness 10000) in paragraph at lines 823--834

 []


Underfull \hbox (badness 10000) in paragraph at lines 823--834

 []


Underfull \hbox (badness 10000) in paragraph at lines 823--834

 []

[24 <C:/Users/Laurent/Dropbox/School/Master/Web Engineering/Assignments/Assignm
ent 3/images/CTT_Foreign.png> <C:/Users/Laurent/Dropbox/School/Master/Web Engin
eering/Assignments/Assignment 3/CTT_Browse.png>]
<./images/CTT_Admin_Message.png, id=687, 295.1025pt x 141.52875pt>
File: ./images/CTT_Admin_Message.png Graphic file (type png)

<use ./images/CTT_Admin_Message.png>
Package pdftex.def Info: ./images/CTT_Admin_Message.png used on input line 840.

(pdftex.def)             Requested size: 295.10176pt x 141.5284pt.


Package caption Warning: The option `hypcap=true' will be ignored for this
(caption)                particular \caption on input line 841.
See the caption package documentation for explanation.


Underfull \hbox (badness 10000) in paragraph at lines 838--849

 []


Underfull \hbox (badness 10000) in paragraph at lines 838--849

 []


Underfull \hbox (badness 10000) in paragraph at lines 838--849

 []

<./images/CTT_Admin_Send_Message.png, id=688, 654.445pt x 215.80624pt>
File: ./images/CTT_Admin_Send_Message.png Graphic file (type png)

<use ./images/CTT_Admin_Send_Message.png>
Package pdftex.def Info: ./images/CTT_Admin_Send_Message.png used on input line
 859.
(pdftex.def)             Requested size: 452.9679pt x 149.36746pt.


Package caption Warning: The option `hypcap=true' will be ignored for this
(caption)                particular \caption on input line 860.
See the caption package documentation for explanation.


Underfull \hbox (badness 10000) in paragraph at lines 857--868

 []


Underfull \hbox (badness 10000) in paragraph at lines 857--868

 []


Underfull \hbox (badness 10000) in paragraph at lines 857--868

 []


Underfull \hbox (badness 10000) in paragraph at lines 857--868

 []

[25 <C:/Users/Laurent/Dropbox/School/Master/Web Engineering/Assignments/Assignm
ent 3/images/CTT_Admin_Message.png> <C:/Users/Laurent/Dropbox/School/Master/Web
 Engineering/Assignments/Assignment 3/images/CTT_Admin_Send_Message.png>]
<./images/CTT_Admin_Block_Disable_Delete.png, id=694, 1324.95pt x 308.15125pt>
File: ./images/CTT_Admin_Block_Disable_Delete.png Graphic file (type png)

<use ./images/CTT_Admin_Block_Disable_Delete.png>
Package pdftex.def Info: ./images/CTT_Admin_Block_Disable_Delete.png used on in
put line 894.
(pdftex.def)             Requested size: 1324.94678pt x 308.15048pt.


Package caption Warning: The option `hypcap=true' will be ignored for this
(caption)                particular \caption on input line 895.
See the caption package documentation for explanation.

[26]
Overfull \vbox (7.52946pt too high) has occurred while \output is active []


[27 <C:/Users/Laurent/Dropbox/School/Master/Web Engineering/Assignments/Assignm
ent 3/images/CTT_Admin_Block_Disable_Delete.png>]
<./images/DomainModel.png, id=703, 631.60968pt x 574.39594pt>
File: ./images/DomainModel.png Graphic file (type png)

<use ./images/DomainModel.png>
Package pdftex.def Info: ./images/DomainModel.png used on input line 906.
(pdftex.def)             Requested size: 505.28844pt x 459.51736pt.


Package caption Warning: The option `hypcap=true' will be ignored for this
(caption)                particular \caption on input line 907.
See the caption package documentation for explanation.


Overfull \hbox (52.32054pt too wide) in paragraph at lines 906--907
 [][] 
 []


Underfull \hbox (badness 10000) in paragraph at lines 902--909

 []

[28 <C:/Users/Laurent/Dropbox/School/Master/Web Engineering/Assignments/Assignm
ent 3/images/DomainModel.png>]
<./images/Nav_Concept.pdf, id=711, 330.48468pt x 167.12437pt>
File: ./images/Nav_Concept.pdf Graphic file (type pdf)

<use ./images/Nav_Concept.pdf>
Package pdftex.def Info: ./images/Nav_Concept.pdf used on input line 924.
(pdftex.def)             Requested size: 429.63004pt x 217.26163pt.


Package caption Warning: The option `hypcap=true' will be ignored for this
(caption)                particular \caption on input line 925.
See the caption package documentation for explanation.


Underfull \hbox (badness 10000) in paragraph at lines 920--927

 []

<./images/Nav_Visitor_Track.pdf, id=712, 374.90062pt x 207.02344pt>
File: ./images/Nav_Visitor_Track.pdf Graphic file (type pdf)

<use ./images/Nav_Visitor_Track.pdf>
Package pdftex.def Info: ./images/Nav_Visitor_Track.pdf used on input line 935.

(pdftex.def)             Requested size: 487.37076pt x 269.13042pt.


Package caption Warning: The option `hypcap=true' will be ignored for this
(caption)                particular \caption on input line 936.
See the caption package documentation for explanation.


Overfull \hbox (34.40286pt too wide) in paragraph at lines 935--936
 [][] 
 []


Underfull \hbox (badness 10000) in paragraph at lines 931--939

 []


Underfull \hbox (badness 10000) in paragraph at lines 931--939

 []


Underfull \hbox (badness 10000) in paragraph at lines 931--939

 []

[29

 <C:/Users/Laurent/Dropbox/School/Master/Web Engineering/Assignments/Assignment
 3/images/Nav_Concept.pdf>]
<./images/Nav_RegisteredUser_Track.pdf, id=725, 310.91156pt x 242.40562pt>
File: ./images/Nav_RegisteredUser_Track.pdf Graphic file (type pdf)

<use ./images/Nav_RegisteredUser_Track.pdf>
Package pdftex.def Info: ./images/Nav_RegisteredUser_Track.pdf used on input li
ne 946.
(pdftex.def)             Requested size: 310.91078pt x 242.40501pt.


Package caption Warning: The option `hypcap=true' will be ignored for this
(caption)                particular \caption on input line 947.
See the caption package documentation for explanation.


Underfull \hbox (badness 10000) in paragraph at lines 942--950

 []


Underfull \hbox (badness 10000) in paragraph at lines 942--950

 []

<./images/Nav_Singles_Track.pdf, id=727, 469.00218pt x 371.88937pt>
File: ./images/Nav_Singles_Track.pdf Graphic file (type pdf)

<use ./images/Nav_Singles_Track.pdf>
Package pdftex.def Info: ./images/Nav_Singles_Track.pdf used on input line 958.

(pdftex.def)             Requested size: 469.00104pt x 371.88846pt.


Package caption Warning: The option `hypcap=true' will be ignored for this
(caption)                particular \caption on input line 959.
See the caption package documentation for explanation.


Overfull \hbox (16.03314pt too wide) in paragraph at lines 958--959
 [][] 
 []


Underfull \hbox (badness 10000) in paragraph at lines 953--962

 []


Underfull \hbox (badness 10000) in paragraph at lines 953--962

 []

[30 <C:/Users/Laurent/Dropbox/School/Master/Web Engineering/Assignments/Assignm
ent 3/images/Nav_Visitor_Track.pdf> <C:/Users/Laurent/Dropbox/School/Master/Web
 Engineering/Assignments/Assignment 3/images/Nav_RegisteredUser_Track.pdf

pdfTeX warning: pdflatex.EXE (file C:/Users/Laurent/Dropbox/School/Master/Web E
ngineering/Assignments/Assignment 3/images/Nav_RegisteredUser_Track.pdf): PDF i
nclusion: multiple pdfs with page group included in a single page
>] <./images/Nav_Administrator_Track.pdf, id=752, 559.33969pt x 295.1025pt>
File: ./images/Nav_Administrator_Track.pdf Graphic file (type pdf)

<use ./images/Nav_Administrator_Track.pdf>
Package pdftex.def Info: ./images/Nav_Administrator_Track.pdf used on input lin
e 970.
(pdftex.def)             Requested size: 447.47235pt x 236.0823pt.


Package caption Warning: The option `hypcap=true' will be ignored for this
(caption)                particular \caption on input line 971.
See the caption package documentation for explanation.


Underfull \hbox (badness 10000) in paragraph at lines 967--975

 []


Underfull \hbox (badness 10000) in paragraph at lines 967--975

 []

[31 <C:/Users/Laurent/Dropbox/School/Master/Web Engineering/Assignments/Assignm
ent 3/images/Nav_Singles_Track.pdf>]
<./images/Nav_Login.pdf, id=778, 505.89pt x 189.70876pt>
File: ./images/Nav_Login.pdf Graphic file (type pdf)

<use ./images/Nav_Login.pdf>
Package pdftex.def Info: ./images/Nav_Login.pdf used on input line 983.
(pdftex.def)             Requested size: 455.29678pt x 170.73628pt.


Package caption Warning: The option `hypcap=true' will be ignored for this
(caption)                particular \caption on input line 984.
See the caption package documentation for explanation.


Overfull \hbox (2.32889pt too wide) in paragraph at lines 983--984
 [][] 
 []


Underfull \hbox (badness 10000) in paragraph at lines 980--987

 []


Underfull \hbox (badness 10000) in paragraph at lines 980--987

 []

<./images/Nav_Register.pdf, id=779, 490.08093pt x 246.9225pt>
File: ./images/Nav_Register.pdf Graphic file (type pdf)

<use ./images/Nav_Register.pdf>
Package pdftex.def Info: ./images/Nav_Register.pdf used on input line 993.
(pdftex.def)             Requested size: 392.06528pt x 197.53824pt.


Package caption Warning: The option `hypcap=true' will be ignored for this
(caption)                particular \caption on input line 994.
See the caption package documentation for explanation.


Underfull \hbox (badness 10000) in paragraph at lines 990--997

 []


Underfull \hbox (badness 10000) in paragraph at lines 990--997

 []

[32 <C:/Users/Laurent/Dropbox/School/Master/Web Engineering/Assignments/Assignm
ent 3/images/Nav_Administrator_Track.pdf> <C:/Users/Laurent/Dropbox/School/Mast
er/Web Engineering/Assignments/Assignment 3/images/Nav_Login.pdf

pdfTeX warning: pdflatex.EXE (file C:/Users/Laurent/Dropbox/School/Master/Web E
ngineering/Assignments/Assignment 3/images/Nav_Login.pdf): PDF inclusion: multi
ple pdfs with page group included in a single page
>] <./images/Nav_SearchForMembers.pdf, id=813, 436.63126pt x 374.90062pt>
File: ./images/Nav_SearchForMembers.pdf Graphic file (type pdf)

<use ./images/Nav_SearchForMembers.pdf>
Package pdftex.def Info: ./images/Nav_SearchForMembers.pdf used on input line 1
003.
(pdftex.def)             Requested size: 349.30548pt x 299.9209pt.


Package caption Warning: The option `hypcap=true' will be ignored for this
(caption)                particular \caption on input line 1004.
See the caption package documentation for explanation.


Underfull \hbox (badness 10000) in paragraph at lines 1000--1007

 []


Underfull \hbox (badness 10000) in paragraph at lines 1000--1007

 []

<./images/Nav_LastLoggedInMembers.pdf, id=814, 503.63156pt x 409.53pt>
File: ./images/Nav_LastLoggedInMembers.pdf Graphic file (type pdf)

<use ./images/Nav_LastLoggedInMembers.pdf>
Package pdftex.def Info: ./images/Nav_LastLoggedInMembers.pdf used on input lin
e 1013.
(pdftex.def)             Requested size: 503.63033pt x 409.52899pt.


Package caption Warning: The option `hypcap=true' will be ignored for this
(caption)                particular \caption on input line 1014.
See the caption package documentation for explanation.


Overfull \hbox (50.66243pt too wide) in paragraph at lines 1013--1014
 [][] 
 []


Underfull \hbox (badness 10000) in paragraph at lines 1010--1017

 []


Underfull \hbox (badness 10000) in paragraph at lines 1010--1017

 []

[33 <C:/Users/Laurent/Dropbox/School/Master/Web Engineering/Assignments/Assignm
ent 3/images/Nav_Register.pdf> <C:/Users/Laurent/Dropbox/School/Master/Web Engi
neering/Assignments/Assignment 3/images/Nav_SearchForMembers.pdf

pdfTeX warning: pdflatex.EXE (file C:/Users/Laurent/Dropbox/School/Master/Web E
ngineering/Assignments/Assignment 3/images/Nav_SearchForMembers.pdf): PDF inclu
sion: multiple pdfs with page group included in a single page
>]
<./images/Nav_ChangeProfileInformation.pdf, id=840, 564.60938pt x 419.31656pt>
File: ./images/Nav_ChangeProfileInformation.pdf Graphic file (type pdf)

<use ./images/Nav_ChangeProfileInformation.pdf>
Package pdftex.def Info: ./images/Nav_ChangeProfileInformation.pdf used on inpu
t line 1023.
(pdftex.def)             Requested size: 564.60799pt x 419.31552pt.


Package caption Warning: The option `hypcap=true' will be ignored for this
(caption)                particular \caption on input line 1024.
See the caption package documentation for explanation.


Overfull \hbox (111.64009pt too wide) in paragraph at lines 1023--1024
 [][] 
 []


Underfull \hbox (badness 10000) in paragraph at lines 1020--1027

 []


Underfull \hbox (badness 10000) in paragraph at lines 1020--1027

 []

[34 <C:/Users/Laurent/Dropbox/School/Master/Web Engineering/Assignments/Assignm
ent 3/images/Nav_LastLoggedInMembers.pdf>]
<./images/nav_AddProfileInformation.pdf, id=856, 564.60938pt x 419.31656pt>
File: ./images/nav_AddProfileInformation.pdf Graphic file (type pdf)

<use ./images/nav_AddProfileInformation.pdf>
Package pdftex.def Info: ./images/nav_AddProfileInformation.pdf used on input l
ine 1033.
(pdftex.def)             Requested size: 564.60799pt x 419.31552pt.


Package caption Warning: The option `hypcap=true' will be ignored for this
(caption)                particular \caption on input line 1034.
See the caption package documentation for explanation.


Overfull \hbox (111.64009pt too wide) in paragraph at lines 1033--1034
 [][] 
 []


Underfull \hbox (badness 10000) in paragraph at lines 1030--1037

 []


Underfull \hbox (badness 10000) in paragraph at lines 1030--1037

 []

[35 <C:/Users/Laurent/Dropbox/School/Master/Web Engineering/Assignments/Assignm
ent 3/images/Nav_ChangeProfileInformation.pdf>]
<./images/nav_DeleteProfileInformation.pdf, id=906, 537.50812pt x 419.31656pt>
File: ./images/nav_DeleteProfileInformation.pdf Graphic file (type pdf)

<use ./images/nav_DeleteProfileInformation.pdf>
Package pdftex.def Info: ./images/nav_DeleteProfileInformation.pdf used on inpu
t line 1043.
(pdftex.def)             Requested size: 537.5068pt x 419.31552pt.


Package caption Warning: The option `hypcap=true' will be ignored for this
(caption)                particular \caption on input line 1044.
See the caption package documentation for explanation.


Overfull \hbox (84.53891pt too wide) in paragraph at lines 1043--1044
 [][] 
 []


Underfull \hbox (badness 10000) in paragraph at lines 1040--1047

 []


Underfull \hbox (badness 10000) in paragraph at lines 1040--1047

 []

[36 <C:/Users/Laurent/Dropbox/School/Master/Web Engineering/Assignments/Assignm
ent 3/images/nav_AddProfileInformation.pdf>]
<./images/nav_SearchUsers.pdf, id=956, 481.04718pt x 419.31656pt>
File: ./images/nav_SearchUsers.pdf Graphic file (type pdf)

<use ./images/nav_SearchUsers.pdf>
Package pdftex.def Info: ./images/nav_SearchUsers.pdf used on input line 1053.
(pdftex.def)             Requested size: 481.046pt x 419.31552pt.


Package caption Warning: The option `hypcap=true' will be ignored for this
(caption)                particular \caption on input line 1054.
See the caption package documentation for explanation.


Overfull \hbox (28.07811pt too wide) in paragraph at lines 1053--1054
 [][] 
 []


Underfull \hbox (badness 10000) in paragraph at lines 1050--1057

 []


Underfull \hbox (badness 10000) in paragraph at lines 1050--1057

 []

[37 <C:/Users/Laurent/Dropbox/School/Master/Web Engineering/Assignments/Assignm
ent 3/images/nav_DeleteProfileInformation.pdf>]
<./images/nav_BrowseUserProfile.pdf, id=1007, 438.8897pt x 135.50626pt>
File: ./images/nav_BrowseUserProfile.pdf Graphic file (type pdf)

<use ./images/nav_BrowseUserProfile.pdf>
Package pdftex.def Info: ./images/nav_BrowseUserProfile.pdf used on input line 
1063.
(pdftex.def)             Requested size: 438.88863pt x 135.5059pt.


Package caption Warning: The option `hypcap=true' will be ignored for this
(caption)                particular \caption on input line 1064.
See the caption package documentation for explanation.


Underfull \hbox (badness 10000) in paragraph at lines 1060--1067

 []


Underfull \hbox (badness 10000) in paragraph at lines 1060--1067

 []

[38 <C:/Users/Laurent/Dropbox/School/Master/Web Engineering/Assignments/Assignm
ent 3/images/nav_SearchUsers.pdf>]
<./images/nav_PutMessageOnUserWall.pdf, id=1053, 366.61969pt x 254.45062pt>
File: ./images/nav_PutMessageOnUserWall.pdf Graphic file (type pdf)

<use ./images/nav_PutMessageOnUserWall.pdf>
Package pdftex.def Info: ./images/nav_PutMessageOnUserWall.pdf used on input li
ne 1074.
(pdftex.def)             Requested size: 366.61879pt x 254.45pt.


Package caption Warning: The option `hypcap=true' will be ignored for this
(caption)                particular \caption on input line 1075.
See the caption package documentation for explanation.


Underfull \hbox (badness 10000) in paragraph at lines 1071--1078

 []


Underfull \hbox (badness 10000) in paragraph at lines 1071--1078

 []


<./images/nav_AnswerMessagePersonalWall.pdf, id=1054, 469.755pt x 254.45062pt>
File: ./images/nav_AnswerMessagePersonalWall.pdf Graphic file (type pdf)

<use ./images/nav_AnswerMessagePersonalWall.pdf>
Package pdftex.def Info: ./images/nav_AnswerMessagePersonalWall.pdf used on inp
ut line 1084.
(pdftex.def)             Requested size: 469.75386pt x 254.45pt.


Package caption Warning: The option `hypcap=true' will be ignored for this
(caption)                particular \caption on input line 1085.
See the caption package documentation for explanation.


Overfull \hbox (16.78596pt too wide) in paragraph at lines 1084--1085
 [][] 
 []


Underfull \hbox (badness 10000) in paragraph at lines 1081--1088

 []


Underfull \hbox (badness 10000) in paragraph at lines 1081--1088

 []

[39 <C:/Users/Laurent/Dropbox/School/Master/Web Engineering/Assignments/Assignm
ent 3/images/nav_BrowseUserProfile.pdf> <C:/Users/Laurent/Dropbox/School/Master
/Web Engineering/Assignments/Assignment 3/images/nav_PutMessageOnUserWall.pdf

pdfTeX warning: pdflatex.EXE (file C:/Users/Laurent/Dropbox/School/Master/Web E
ngineering/Assignments/Assignment 3/images/nav_PutMessageOnUserWall.pdf): PDF i
nclusion: multiple pdfs with page group included in a single page
>] <./images/nav_DeleteMessageOnWall.pdf, id=1089, 469.755pt x 254.45062pt>
File: ./images/nav_DeleteMessageOnWall.pdf Graphic file (type pdf)

<use ./images/nav_DeleteMessageOnWall.pdf>
Package pdftex.def Info: ./images/nav_DeleteMessageOnWall.pdf used on input lin
e 1094.
(pdftex.def)             Requested size: 469.75386pt x 254.45pt.


Package caption Warning: The option `hypcap=true' will be ignored for this
(caption)                particular \caption on input line 1095.
See the caption package documentation for explanation.


Overfull \hbox (16.78596pt too wide) in paragraph at lines 1094--1095
 [][] 
 []


Underfull \hbox (badness 10000) in paragraph at lines 1091--1098

 []


Underfull \hbox (badness 10000) in paragraph at lines 1091--1098

 []

<./images/nav_SendPrivateMessage.pdf, id=1090, 514.92375pt x 228.855pt>
File: ./images/nav_SendPrivateMessage.pdf Graphic file (type pdf)

<use ./images/nav_SendPrivateMessage.pdf>
Package pdftex.def Info: ./images/nav_SendPrivateMessage.pdf used on input line
 1104.
(pdftex.def)             Requested size: 514.92249pt x 228.85443pt.


Package caption Warning: The option `hypcap=true' will be ignored for this
(caption)                particular \caption on input line 1105.
See the caption package documentation for explanation.


Overfull \hbox (61.95459pt too wide) in paragraph at lines 1104--1105
 [][] 
 []


Underfull \hbox (badness 10000) in paragraph at lines 1101--1108

 []


Underfull \hbox (badness 10000) in paragraph at lines 1101--1108

 []

[40 <C:/Users/Laurent/Dropbox/School/Master/Web Engineering/Assignments/Assignm
ent 3/images/nav_AnswerMessagePersonalWall.pdf> <C:/Users/Laurent/Dropbox/Schoo
l/Master/Web Engineering/Assignments/Assignment 3/images/nav_DeleteMessageOnWal
l.pdf

pdfTeX warning: pdflatex.EXE (file C:/Users/Laurent/Dropbox/School/Master/Web E
ngineering/Assignments/Assignment 3/images/nav_DeleteMessageOnWall.pdf): PDF in
clusion: multiple pdfs with page group included in a single page
>] <./images/nav_LikeUser.pdf, id=1124, 512.66531pt x 176.15813pt>
File: ./images/nav_LikeUser.pdf Graphic file (type pdf)

<use ./images/nav_LikeUser.pdf>
Package pdftex.def Info: ./images/nav_LikeUser.pdf used on input line 1114.
(pdftex.def)             Requested size: 512.66405pt x 176.15768pt.


Package caption Warning: The option `hypcap=true' will be ignored for this
(caption)                particular \caption on input line 1115.
See the caption package documentation for explanation.


Overfull \hbox (59.69615pt too wide) in paragraph at lines 1114--1115
 [][] 
 []


Underfull \hbox (badness 10000) in paragraph at lines 1111--1118

 []


Underfull \hbox (badness 10000) in paragraph at lines 1111--1118

 []

<./images/nav_ManageLikedList.pdf, id=1125, 533.74406pt x 228.855pt>
File: ./images/nav_ManageLikedList.pdf Graphic file (type pdf)

<use ./images/nav_ManageLikedList.pdf>
Package pdftex.def Info: ./images/nav_ManageLikedList.pdf used on input line 11
24.
(pdftex.def)             Requested size: 533.74275pt x 228.85443pt.


Package caption Warning: The option `hypcap=true' will be ignored for this
(caption)                particular \caption on input line 1125.
See the caption package documentation for explanation.


Overfull \hbox (80.77486pt too wide) in paragraph at lines 1124--1125
 [][] 
 []


Underfull \hbox (badness 10000) in paragraph at lines 1121--1128

 []


Underfull \hbox (badness 10000) in paragraph at lines 1121--1128

 []

[41 <C:/Users/Laurent/Dropbox/School/Master/Web Engineering/Assignments/Assignm
ent 3/images/nav_SendPrivateMessage.pdf> <C:/Users/Laurent/Dropbox/School/Maste
r/Web Engineering/Assignments/Assignment 3/images/nav_LikeUser.pdf

pdfTeX warning: pdflatex.EXE (file C:/Users/Laurent/Dropbox/School/Master/Web E
ngineering/Assignments/Assignment 3/images/nav_LikeUser.pdf): PDF inclusion: mu
ltiple pdfs with page group included in a single page
>] <./images/nav_NotifyProfileUpdate.pdf, id=1152, 523.20468pt x 230.36063pt>
File: ./images/nav_NotifyProfileUpdate.pdf Graphic file (type pdf)

<use ./images/nav_NotifyProfileUpdate.pdf>
Package pdftex.def Info: ./images/nav_NotifyProfileUpdate.pdf used on input lin
e 1134.
(pdftex.def)             Requested size: 523.2034pt x 230.36005pt.


Package caption Warning: The option `hypcap=true' will be ignored for this
(caption)                particular \caption on input line 1135.
See the caption package documentation for explanation.


Overfull \hbox (70.2355pt too wide) in paragraph at lines 1134--1135
 [][] 
 []


Underfull \hbox (badness 10000) in paragraph at lines 1131--1138

 []


Underfull \hbox (badness 10000) in paragraph at lines 1131--1138

 []

<./images/nav_SendAttention.pdf, id=1153, 492.33937pt x 298.86656pt>
File: ./images/nav_SendAttention.pdf Graphic file (type pdf)

<use ./images/nav_SendAttention.pdf>
Package pdftex.def Info: ./images/nav_SendAttention.pdf used on input line 1144
.
(pdftex.def)             Requested size: 492.33815pt x 298.86581pt.


Package caption Warning: The option `hypcap=true' will be ignored for this
(caption)                particular \caption on input line 1145.
See the caption package documentation for explanation.


Overfull \hbox (39.37025pt too wide) in paragraph at lines 1144--1145
 [][] 
 []


Underfull \hbox (badness 10000) in paragraph at lines 1141--1148

 []


Underfull \hbox (badness 10000) in paragraph at lines 1141--1148

 []

[42 <C:/Users/Laurent/Dropbox/School/Master/Web Engineering/Assignments/Assignm
ent 3/images/nav_ManageLikedList.pdf> <C:/Users/Laurent/Dropbox/School/Master/W
eb Engineering/Assignments/Assignment 3/images/nav_NotifyProfileUpdate.pdf

pdfTeX warning: pdflatex.EXE (file C:/Users/Laurent/Dropbox/School/Master/Web E
ngineering/Assignments/Assignment 3/images/nav_NotifyProfileUpdate.pdf): PDF in
clusion: multiple pdfs with page group included in a single page
>]
File: ./images/nav_SendPrivateMessage.pdf Graphic file (type pdf)
 <use ./images/nav_SendPrivateMessage.pdf>
Package pdftex.def Info: ./images/nav_SendPrivateMessage.pdf used on input line
 1154.
(pdftex.def)             Requested size: 514.92249pt x 228.85443pt.


Package caption Warning: The option `hypcap=true' will be ignored for this
(caption)                particular \caption on input line 1155.
See the caption package documentation for explanation.


Overfull \hbox (61.95459pt too wide) in paragraph at lines 1154--1155
 [][] 
 []


Underfull \hbox (badness 10000) in paragraph at lines 1151--1158

 []


Underfull \hbox (badness 10000) in paragraph at lines 1151--1158

 []

[43 <C:/Users/Laurent/Dropbox/School/Master/Web Engineering/Assignments/Assignm
ent 3/images/nav_SendAttention.pdf>]
<./images/nav_BlockReport.pdf, id=1208, 447.92343pt x 228.855pt>
File: ./images/nav_BlockReport.pdf Graphic file (type pdf)

<use ./images/nav_BlockReport.pdf>
Package pdftex.def Info: ./images/nav_BlockReport.pdf used on input line 1164.
(pdftex.def)             Requested size: 447.92233pt x 228.85443pt.


Package caption Warning: The option `hypcap=true' will be ignored for this
(caption)                particular \caption on input line 1165.
See the caption package documentation for explanation.


Underfull \hbox (badness 10000) in paragraph at lines 1161--1168

 []


Underfull \hbox (badness 10000) in paragraph at lines 1161--1168

 []

<./images/nav_LogOff.pdf, id=1209, 288.3272pt x 147.55125pt>
File: ./images/nav_LogOff.pdf Graphic file (type pdf)

<use ./images/nav_LogOff.pdf>
Package pdftex.def Info: ./images/nav_LogOff.pdf used on input line 1174.
(pdftex.def)             Requested size: 288.32648pt x 147.55087pt.


Package caption Warning: The option `hypcap=true' will be ignored for this
(caption)                particular \caption on input line 1175.
See the caption package documentation for explanation.


Underfull \hbox (badness 10000) in paragraph at lines 1171--1178

 []


Underfull \hbox (badness 10000) in paragraph at lines 1171--1178

 []

<./images/nav_TerminateAccount.pdf, id=1210, 324.46219pt x 147.55125pt>
File: ./images/nav_TerminateAccount.pdf Graphic file (type pdf)

<use ./images/nav_TerminateAccount.pdf>
Package pdftex.def Info: ./images/nav_TerminateAccount.pdf used on input line 1
184.
(pdftex.def)             Requested size: 324.46138pt x 147.55087pt.


Package caption Warning: The option `hypcap=true' will be ignored for this
(caption)                particular \caption on input line 1185.
See the caption package documentation for explanation.


Underfull \hbox (badness 10000) in paragraph at lines 1181--1188

 []


Underfull \hbox (badness 10000) in paragraph at lines 1181--1188

 []

[44 <C:/Users/Laurent/Dropbox/School/Master/Web Engineering/Assignments/Assignm
ent 3/images/nav_BlockReport.pdf> <C:/Users/Laurent/Dropbox/School/Master/Web E
ngineering/Assignments/Assignment 3/images/nav_LogOff.pdf

pdfTeX warning: pdflatex.EXE (file C:/Users/Laurent/Dropbox/School/Master/Web E
ngineering/Assignments/Assignment 3/images/nav_LogOff.pdf): PDF inclusion: mult
iple pdfs with page group included in a single page
>]
<./images/Nav_DisplayPersonalInformation.pdf, id=1245, 423.83344pt x 275.52937p
t>
File: ./images/Nav_DisplayPersonalInformation.pdf Graphic file (type pdf)
 <use ./images/Nav_DisplayPersonalInformation.pdf>
Package pdftex.def Info: ./images/Nav_DisplayPersonalInformation.pdf used on in
put line 1194.
(pdftex.def)             Requested size: 423.83238pt x 275.52869pt.


Package caption Warning: The option `hypcap=true' will be ignored for this
(caption)                particular \caption on input line 1195.
See the caption package documentation for explanation.


Underfull \hbox (badness 10000) in paragraph at lines 1191--1198

 []


Underfull \hbox (badness 10000) in paragraph at lines 1191--1198

 []


<./images/Nav_DisplayForeignInformation.pdf, id=1246, 423.83344pt x 275.52937pt
>
File: ./images/Nav_DisplayForeignInformation.pdf Graphic file (type pdf)
 <use ./images/Nav_DisplayForeignInformation.pdf>
Package pdftex.def Info: ./images/Nav_DisplayForeignInformation.pdf used on inp
ut line 1204.
(pdftex.def)             Requested size: 423.83238pt x 275.52869pt.


Package caption Warning: The option `hypcap=true' will be ignored for this
(caption)                particular \caption on input line 1205.
See the caption package documentation for explanation.


Underfull \hbox (badness 10000) in paragraph at lines 1201--1208

 []


Underfull \hbox (badness 10000) in paragraph at lines 1201--1208

 []

[45 <C:/Users/Laurent/Dropbox/School/Master/Web Engineering/Assignments/Assignm
ent 3/images/nav_TerminateAccount.pdf> <C:/Users/Laurent/Dropbox/School/Master/
Web Engineering/Assignments/Assignment 3/images/Nav_DisplayPersonalInformation.
pdf

pdfTeX warning: pdflatex.EXE (file C:/Users/Laurent/Dropbox/School/Master/Web E
ngineering/Assignments/Assignment 3/images/Nav_DisplayPersonalInformation.pdf):
 PDF inclusion: multiple pdfs with page group included in a single page
>] <./images/nav_BrowsUserProfile2.pdf, id=1283, 380.92313pt x 182.93344pt>
File: ./images/nav_BrowsUserProfile2.pdf Graphic file (type pdf)

<use ./images/nav_BrowsUserProfile2.pdf>
Package pdftex.def Info: ./images/nav_BrowsUserProfile2.pdf used on input line 
1214.
(pdftex.def)             Requested size: 380.92218pt x 182.93298pt.


Package caption Warning: The option `hypcap=true' will be ignored for this
(caption)                particular \caption on input line 1215.
See the caption package documentation for explanation.


Underfull \hbox (badness 10000) in paragraph at lines 1211--1218

 []


Underfull \hbox (badness 10000) in paragraph at lines 1211--1218

 []

<./images/nav_SendMessageAnyUser.pdf, id=1284, 413.29407pt x 302.63063pt>
File: ./images/nav_SendMessageAnyUser.pdf Graphic file (type pdf)

<use ./images/nav_SendMessageAnyUser.pdf>
Package pdftex.def Info: ./images/nav_SendMessageAnyUser.pdf used on input line
 1224.
(pdftex.def)             Requested size: 413.29305pt x 302.62988pt.


Package caption Warning: The option `hypcap=true' will be ignored for this
(caption)                particular \caption on input line 1225.
See the caption package documentation for explanation.


Underfull \hbox (badness 10000) in paragraph at lines 1221--1228

 []


Underfull \hbox (badness 10000) in paragraph at lines 1221--1228

 []

[46 <C:/Users/Laurent/Dropbox/School/Master/Web Engineering/Assignments/Assignm
ent 3/images/Nav_DisplayForeignInformation.pdf> <C:/Users/Laurent/Dropbox/Schoo
l/Master/Web Engineering/Assignments/Assignment 3/images/nav_BrowsUserProfile2.
pdf

pdfTeX warning: pdflatex.EXE (file C:/Users/Laurent/Dropbox/School/Master/Web E
ngineering/Assignments/Assignment 3/images/nav_BrowsUserProfile2.pdf): PDF incl
usion: multiple pdfs with page group included in a single page
>] <./images/nav_BlockDisableDelete.pdf, id=1314, 465.23813pt x 636.87938pt>
File: ./images/nav_BlockDisableDelete.pdf Graphic file (type pdf)

<use ./images/nav_BlockDisableDelete.pdf>
Package pdftex.def Info: ./images/nav_BlockDisableDelete.pdf used on input line
 1234.
(pdftex.def)             Requested size: 465.23698pt x 636.87782pt.


Package caption Warning: The option `hypcap=true' will be ignored for this
(caption)                particular \caption on input line 1235.
See the caption package documentation for explanation.


Overfull \hbox (12.26909pt too wide) in paragraph at lines 1234--1235
 [][] 
 []

[47 <C:/Users/Laurent/Dropbox/School/Master/Web Engineering/Assignments/Assignm
ent 3/images/nav_SendMessageAnyUser.pdf>]
Overfull \vbox (14.60576pt too high) has occurred while \output is active []


[48 <C:/Users/Laurent/Dropbox/School/Master/Web Engineering/Assignments/Assignm
ent 3/images/nav_BlockDisableDelete.pdf>]
<./images/Module_Login.png, id=1366, 520.94624pt x 175.40532pt>
File: ./images/Module_Login.png Graphic file (type png)

<use ./images/Module_Login.png>
Package pdftex.def Info: ./images/Module_Login.png used on input line 1252.
(pdftex.def)             Requested size: 452.9679pt x 152.5184pt.


Package caption Warning: The option `hypcap=true' will be ignored for this
(caption)                particular \caption on input line 1253.
See the caption package documentation for explanation.


Underfull \hbox (badness 10000) in paragraph at lines 1248--1256

 []


Underfull \hbox (badness 10000) in paragraph at lines 1248--1256

 []


Underfull \hbox (badness 10000) in paragraph at lines 1248--1256

 []

<./images/Module_Register.png, id=1367, 520.19344pt x 243.91125pt>
File: ./images/Module_Register.png Graphic file (type png)

<use ./images/Module_Register.png>
Package pdftex.def Info: ./images/Module_Register.png used on input line 1264.
(pdftex.def)             Requested size: 452.9679pt x 212.39087pt.


Package caption Warning: The option `hypcap=true' will be ignored for this
(caption)                particular \caption on input line 1265.
See the caption package documentation for explanation.


Underfull \hbox (badness 10000) in paragraph at lines 1259--1268

 []


Underfull \hbox (badness 10000) in paragraph at lines 1259--1268

 []


Underfull \hbox (badness 10000) in paragraph at lines 1259--1268

 []

[49 <C:/Users/Laurent/Dropbox/School/Master/Web Engineering/Assignments/Assignm
ent 3/images/Module_Login.png>]
<./images/Module_Logout.png, id=1373, 686.565pt x 231.86626pt>
File: ./images/Module_Logout.png Graphic file (type png)

<use ./images/Module_Logout.png>
Package pdftex.def Info: ./images/Module_Logout.png used on input line 1276.
(pdftex.def)             Requested size: 498.26744pt x 168.27385pt.


Package caption Warning: The option `hypcap=true' will be ignored for this
(caption)                particular \caption on input line 1277.
See the caption package documentation for explanation.


Overfull \hbox (45.29955pt too wide) in paragraph at lines 1276--1277
 [][] 
 []


Underfull \hbox (badness 10000) in paragraph at lines 1271--1280

 []


Underfull \hbox (badness 10000) in paragraph at lines 1271--1280

 []


Underfull \hbox (badness 10000) in paragraph at lines 1271--1280

 []

<./images/Module_UpdateProfile.png, id=1374, 534.49687pt x 169.38281pt>
File: ./images/Module_UpdateProfile.png Graphic file (type png)

<use ./images/Module_UpdateProfile.png>
Package pdftex.def Info: ./images/Module_UpdateProfile.png used on input line 1
288.
(pdftex.def)             Requested size: 498.26744pt x 157.90947pt.


Package caption Warning: The option `hypcap=true' will be ignored for this
(caption)                particular \caption on input line 1289.
See the caption package documentation for explanation.


Overfull \hbox (45.29955pt too wide) in paragraph at lines 1288--1289
 [][] 
 []


Underfull \hbox (badness 10000) in paragraph at lines 1283--1292

 []


Underfull \hbox (badness 10000) in paragraph at lines 1283--1292

 []


Underfull \hbox (badness 10000) in paragraph at lines 1283--1292

 []

[50 <C:/Users/Laurent/Dropbox/School/Master/Web Engineering/Assignments/Assignm
ent 3/images/Module_Register.png> <C:/Users/Laurent/Dropbox/School/Master/Web E
ngineering/Assignments/Assignment 3/images/Module_Logout.png>]
<./images/Module_DeleteUser.png, id=1379, 535.2497pt x 176.15813pt>
File: ./images/Module_DeleteUser.png Graphic file (type png)

<use ./images/Module_DeleteUser.png>
Package pdftex.def Info: ./images/Module_DeleteUser.png used on input line 1300
.
(pdftex.def)             Requested size: 498.26744pt x 163.99469pt.


Package caption Warning: The option `hypcap=true' will be ignored for this
(caption)                particular \caption on input line 1301.
See the caption package documentation for explanation.


Overfull \hbox (45.29955pt too wide) in paragraph at lines 1300--1301
 [][] 
 []


Underfull \hbox (badness 10000) in paragraph at lines 1295--1304

 []


Underfull \hbox (badness 10000) in paragraph at lines 1295--1304

 []


Underfull \hbox (badness 10000) in paragraph at lines 1295--1304

 []

<./images/Module_Terminate.png, id=1380, 646.66594pt x 221.32687pt>
File: ./images/Module_Terminate.png Graphic file (type png)

<use ./images/Module_Terminate.png>
Package pdftex.def Info: ./images/Module_Terminate.png used on input line 1312.

(pdftex.def)             Requested size: 498.26744pt x 170.53702pt.


Package caption Warning: The option `hypcap=true' will be ignored for this
(caption)                particular \caption on input line 1313.
See the caption package documentation for explanation.


Overfull \hbox (45.29955pt too wide) in paragraph at lines 1312--1313
 [][] 
 []


Underfull \hbox (badness 10000) in paragraph at lines 1307--1316

 []


Underfull \hbox (badness 10000) in paragraph at lines 1307--1316

 []


Underfull \hbox (badness 10000) in paragraph at lines 1307--1316

 []

[51 <C:/Users/Laurent/Dropbox/School/Master/Web Engineering/Assignments/Assignm
ent 3/images/Module_UpdateProfile.png> <C:/Users/Laurent/Dropbox/School/Master/
Web Engineering/Assignments/Assignment 3/images/Module_DeleteUser.png>]
<./images/Module_SendMessage.png, id=1385, 544.28343pt x 214.55156pt>
File: ./images/Module_SendMessage.png Graphic file (type png)

<use ./images/Module_SendMessage.png>
Package pdftex.def Info: ./images/Module_SendMessage.png used on input line 132
4.
(pdftex.def)             Requested size: 498.26744pt x 196.41095pt.


Package caption Warning: The option `hypcap=true' will be ignored for this
(caption)                particular \caption on input line 1325.
See the caption package documentation for explanation.


Overfull \hbox (45.29955pt too wide) in paragraph at lines 1324--1325
 [][] 
 []


Underfull \hbox (badness 10000) in paragraph at lines 1319--1328

 []


Underfull \hbox (badness 10000) in paragraph at lines 1319--1328

 []


Underfull \hbox (badness 10000) in paragraph at lines 1319--1328

 []

[52 <C:/Users/Laurent/Dropbox/School/Master/Web Engineering/Assignments/Assignm
ent 3/images/Module_Terminate.png> <C:/Users/Laurent/Dropbox/School/Master/Web 
Engineering/Assignments/Assignment 3/images/Module_SendMessage.png>]
Chapter 4.
[53

]
Chapter 5.
[54

]
("C:\Users\Laurent\Dropbox\School\Master\Web Engineering\Assignments\Assignment
 3\WebEngineering.bbl")
Package atveryend Info: Empty hook `BeforeClearDocument' on input line 1347.
 [55

]
Package atveryend Info: Empty hook `AfterLastShipout' on input line 1347.

("C:\Users\Laurent\Dropbox\School\Master\Web Engineering\Assignments\Assignment
 3\WebEngineering.aux")
Package atveryend Info: Executing hook `AtVeryEndDocument' on input line 1347.
Package atveryend Info: Executing hook `AtEndAfterFileList' on input line 1347.

Package rerunfilecheck Info: File `WebEngineering.out' has not changed.
(rerunfilecheck)             Checksum: 661740BB1B798B9C49EEFD9C260E555B;5255.
Package atveryend Info: Empty hook `AtVeryVeryEnd' on input line 1347.
 ) 
Here is how much of TeX's memory you used:
 10803 strings out of 493921
 168814 string characters out of 3147276
 345155 words of memory out of 3000000
 13668 multiletter control sequences out of 15000+200000
 63900 words of font info for 43 fonts, out of 3000000 for 9000
 841 hyphenation exceptions out of 8191
 36i,9n,38p,537b,441s stack positions out of 5000i,500n,10000p,200000b,50000s
{C:/Program Files/MiKTeX 2.9/fonts/enc/dvips/lm/lm-rm.enc}{C:/Program Files/M
iKTeX 2.9/fonts/enc/dvips/lm/lm-rmtt.enc}{C:/Program Files/MiKTeX 2.9/fonts/enc
/dvips/lm/lm-ts1.enc}{C:/Program Files/MiKTeX 2.9/fonts/enc/dvips/lm/lm-rmsc.en
c}<C:/Program Files/MiKTeX 2.9/fonts/type1/public/lm/lmbx10.pfb><C:/Program Fil
es/MiKTeX 2.9/fonts/type1/public/lm/lmbx12.pfb><C:/Program Files/MiKTeX 2.9/fon
ts/type1/public/lm/lmcsc10.pfb><C:/Program Files/MiKTeX 2.9/fonts/type1/public/
lm/lmr10.pfb><C:/Program Files/MiKTeX 2.9/fonts/type1/public/lm/lmr12.pfb><C:/P
rogram Files/MiKTeX 2.9/fonts/type1/public/lm/lmri10.pfb><C:/Program Files/MiKT
eX 2.9/fonts/type1/public/lm/lmri12.pfb><C:/Program Files/MiKTeX 2.9/fonts/type
1/public/lm/lmss17.pfb><C:/Program Files/MiKTeX 2.9/fonts/type1/public/lm/lmtt1
0.pfb>
Output written on WebEngineering.pdf (61 pages, 7125371 bytes).
PDF statistics:
 1484 PDF objects out of 1728 (max. 8388607)
 206 named destinations out of 1000 (max. 500000)
 914 words of extra memory for PDF output out of 10000 (max. 10000000)

